{"D:\\Cons-IMS\\frontend-clean\\src\\App.jsx": {"path":"D:\\Cons-IMS\\frontend-clean\\src\\App.jsx","statementMap":{"0":{"start":{"line":9,"column":13},"end":{"line":9,"column":50}},"1":{"start":{"line":9,"column":24},"end":{"line":9,"column":49}},"2":{"start":{"line":10,"column":14},"end":{"line":10,"column":54}},"3":{"start":{"line":10,"column":25},"end":{"line":10,"column":53}},"4":{"start":{"line":11,"column":15},"end":{"line":11,"column":51}},"5":{"start":{"line":11,"column":26},"end":{"line":11,"column":50}},"6":{"start":{"line":12,"column":23},"end":{"line":12,"column":72}},"7":{"start":{"line":12,"column":34},"end":{"line":12,"column":71}},"8":{"start":{"line":13,"column":22},"end":{"line":13,"column":70}},"9":{"start":{"line":13,"column":33},"end":{"line":13,"column":69}},"10":{"start":{"line":14,"column":23},"end":{"line":14,"column":73}},"11":{"start":{"line":14,"column":34},"end":{"line":14,"column":72}},"12":{"start":{"line":15,"column":29},"end":{"line":15,"column":85}},"13":{"start":{"line":15,"column":40},"end":{"line":15,"column":84}},"14":{"start":{"line":16,"column":26},"end":{"line":16,"column":73}},"15":{"start":{"line":16,"column":37},"end":{"line":16,"column":72}},"16":{"start":{"line":17,"column":20},"end":{"line":17,"column":64}},"17":{"start":{"line":17,"column":31},"end":{"line":17,"column":63}},"18":{"start":{"line":18,"column":22},"end":{"line":18,"column":65}},"19":{"start":{"line":18,"column":33},"end":{"line":18,"column":64}},"20":{"start":{"line":19,"column":21},"end":{"line":19,"column":63}},"21":{"start":{"line":19,"column":32},"end":{"line":19,"column":62}},"22":{"start":{"line":20,"column":17},"end":{"line":20,"column":60}},"23":{"start":{"line":20,"column":28},"end":{"line":20,"column":59}},"24":{"start":{"line":21,"column":16},"end":{"line":21,"column":58}},"25":{"start":{"line":21,"column":27},"end":{"line":21,"column":57}},"26":{"start":{"line":22,"column":21},"end":{"line":22,"column":77}},"27":{"start":{"line":22,"column":32},"end":{"line":22,"column":76}},"28":{"start":{"line":23,"column":22},"end":{"line":23,"column":70}},"29":{"start":{"line":23,"column":33},"end":{"line":23,"column":69}},"30":{"start":{"line":24,"column":23},"end":{"line":24,"column":72}},"31":{"start":{"line":24,"column":34},"end":{"line":24,"column":71}},"32":{"start":{"line":25,"column":20},"end":{"line":25,"column":55}},"33":{"start":{"line":25,"column":31},"end":{"line":25,"column":54}},"34":{"start":{"line":30,"column":16},"end":{"line":30,"column":72}},"35":{"start":{"line":30,"column":27},"end":{"line":30,"column":71}},"36":{"start":{"line":31,"column":21},"end":{"line":31,"column":87}},"37":{"start":{"line":31,"column":32},"end":{"line":31,"column":86}},"38":{"start":{"line":32,"column":23},"end":{"line":32,"column":93}},"39":{"start":{"line":32,"column":34},"end":{"line":32,"column":92}},"40":{"start":{"line":33,"column":17},"end":{"line":33,"column":75}},"41":{"start":{"line":33,"column":28},"end":{"line":33,"column":74}},"42":{"start":{"line":34,"column":19},"end":{"line":34,"column":81}},"43":{"start":{"line":34,"column":30},"end":{"line":34,"column":80}},"44":{"start":{"line":35,"column":19},"end":{"line":35,"column":81}},"45":{"start":{"line":35,"column":30},"end":{"line":35,"column":80}},"46":{"start":{"line":36,"column":28},"end":{"line":36,"column":108}},"47":{"start":{"line":36,"column":39},"end":{"line":36,"column":107}},"48":{"start":{"line":37,"column":27},"end":{"line":37,"column":105}},"49":{"start":{"line":37,"column":38},"end":{"line":37,"column":104}},"50":{"start":{"line":38,"column":25},"end":{"line":38,"column":71}},"51":{"start":{"line":38,"column":36},"end":{"line":38,"column":70}},"52":{"start":{"line":39,"column":18},"end":{"line":39,"column":58}},"53":{"start":{"line":39,"column":29},"end":{"line":39,"column":57}},"54":{"start":{"line":46,"column":2},"end":{"line":131,"column":4}},"55":{"start":{"line":136,"column":2},"end":{"line":140,"column":4}}},"fnMap":{"0":{"name":"(anonymous_0)","decl":{"start":{"line":9,"column":18},"end":{"line":9,"column":19}},"loc":{"start":{"line":9,"column":24},"end":{"line":9,"column":49}},"line":9},"1":{"name":"(anonymous_1)","decl":{"start":{"line":10,"column":19},"end":{"line":10,"column":20}},"loc":{"start":{"line":10,"column":25},"end":{"line":10,"column":53}},"line":10},"2":{"name":"(anonymous_2)","decl":{"start":{"line":11,"column":20},"end":{"line":11,"column":21}},"loc":{"start":{"line":11,"column":26},"end":{"line":11,"column":50}},"line":11},"3":{"name":"(anonymous_3)","decl":{"start":{"line":12,"column":28},"end":{"line":12,"column":29}},"loc":{"start":{"line":12,"column":34},"end":{"line":12,"column":71}},"line":12},"4":{"name":"(anonymous_4)","decl":{"start":{"line":13,"column":27},"end":{"line":13,"column":28}},"loc":{"start":{"line":13,"column":33},"end":{"line":13,"column":69}},"line":13},"5":{"name":"(anonymous_5)","decl":{"start":{"line":14,"column":28},"end":{"line":14,"column":29}},"loc":{"start":{"line":14,"column":34},"end":{"line":14,"column":72}},"line":14},"6":{"name":"(anonymous_6)","decl":{"start":{"line":15,"column":34},"end":{"line":15,"column":35}},"loc":{"start":{"line":15,"column":40},"end":{"line":15,"column":84}},"line":15},"7":{"name":"(anonymous_7)","decl":{"start":{"line":16,"column":31},"end":{"line":16,"column":32}},"loc":{"start":{"line":16,"column":37},"end":{"line":16,"column":72}},"line":16},"8":{"name":"(anonymous_8)","decl":{"start":{"line":17,"column":25},"end":{"line":17,"column":26}},"loc":{"start":{"line":17,"column":31},"end":{"line":17,"column":63}},"line":17},"9":{"name":"(anonymous_9)","decl":{"start":{"line":18,"column":27},"end":{"line":18,"column":28}},"loc":{"start":{"line":18,"column":33},"end":{"line":18,"column":64}},"line":18},"10":{"name":"(anonymous_10)","decl":{"start":{"line":19,"column":26},"end":{"line":19,"column":27}},"loc":{"start":{"line":19,"column":32},"end":{"line":19,"column":62}},"line":19},"11":{"name":"(anonymous_11)","decl":{"start":{"line":20,"column":22},"end":{"line":20,"column":23}},"loc":{"start":{"line":20,"column":28},"end":{"line":20,"column":59}},"line":20},"12":{"name":"(anonymous_12)","decl":{"start":{"line":21,"column":21},"end":{"line":21,"column":22}},"loc":{"start":{"line":21,"column":27},"end":{"line":21,"column":57}},"line":21},"13":{"name":"(anonymous_13)","decl":{"start":{"line":22,"column":26},"end":{"line":22,"column":27}},"loc":{"start":{"line":22,"column":32},"end":{"line":22,"column":76}},"line":22},"14":{"name":"(anonymous_14)","decl":{"start":{"line":23,"column":27},"end":{"line":23,"column":28}},"loc":{"start":{"line":23,"column":33},"end":{"line":23,"column":69}},"line":23},"15":{"name":"(anonymous_15)","decl":{"start":{"line":24,"column":28},"end":{"line":24,"column":29}},"loc":{"start":{"line":24,"column":34},"end":{"line":24,"column":71}},"line":24},"16":{"name":"(anonymous_16)","decl":{"start":{"line":25,"column":25},"end":{"line":25,"column":26}},"loc":{"start":{"line":25,"column":31},"end":{"line":25,"column":54}},"line":25},"17":{"name":"(anonymous_17)","decl":{"start":{"line":30,"column":21},"end":{"line":30,"column":22}},"loc":{"start":{"line":30,"column":27},"end":{"line":30,"column":71}},"line":30},"18":{"name":"(anonymous_18)","decl":{"start":{"line":31,"column":26},"end":{"line":31,"column":27}},"loc":{"start":{"line":31,"column":32},"end":{"line":31,"column":86}},"line":31},"19":{"name":"(anonymous_19)","decl":{"start":{"line":32,"column":28},"end":{"line":32,"column":29}},"loc":{"start":{"line":32,"column":34},"end":{"line":32,"column":92}},"line":32},"20":{"name":"(anonymous_20)","decl":{"start":{"line":33,"column":22},"end":{"line":33,"column":23}},"loc":{"start":{"line":33,"column":28},"end":{"line":33,"column":74}},"line":33},"21":{"name":"(anonymous_21)","decl":{"start":{"line":34,"column":24},"end":{"line":34,"column":25}},"loc":{"start":{"line":34,"column":30},"end":{"line":34,"column":80}},"line":34},"22":{"name":"(anonymous_22)","decl":{"start":{"line":35,"column":24},"end":{"line":35,"column":25}},"loc":{"start":{"line":35,"column":30},"end":{"line":35,"column":80}},"line":35},"23":{"name":"(anonymous_23)","decl":{"start":{"line":36,"column":33},"end":{"line":36,"column":34}},"loc":{"start":{"line":36,"column":39},"end":{"line":36,"column":107}},"line":36},"24":{"name":"(anonymous_24)","decl":{"start":{"line":37,"column":32},"end":{"line":37,"column":33}},"loc":{"start":{"line":37,"column":38},"end":{"line":37,"column":104}},"line":37},"25":{"name":"(anonymous_25)","decl":{"start":{"line":38,"column":30},"end":{"line":38,"column":31}},"loc":{"start":{"line":38,"column":36},"end":{"line":38,"column":70}},"line":38},"26":{"name":"(anonymous_26)","decl":{"start":{"line":39,"column":23},"end":{"line":39,"column":24}},"loc":{"start":{"line":39,"column":29},"end":{"line":39,"column":57}},"line":39},"27":{"name":"AppRoutes","decl":{"start":{"line":43,"column":9},"end":{"line":43,"column":18}},"loc":{"start":{"line":43,"column":21},"end":{"line":132,"column":1}},"line":43},"28":{"name":"App","decl":{"start":{"line":135,"column":9},"end":{"line":135,"column":12}},"loc":{"start":{"line":135,"column":15},"end":{"line":141,"column":1}},"line":135}},"branchMap":{},"s":{"0":0,"1":0,"2":0,"3":0,"4":0,"5":0,"6":0,"7":0,"8":0,"9":0,"10":0,"11":0,"12":0,"13":0,"14":0,"15":0,"16":0,"17":0,"18":0,"19":0,"20":0,"21":0,"22":0,"23":0,"24":0,"25":0,"26":0,"27":0,"28":0,"29":0,"30":0,"31":0,"32":0,"33":0,"34":0,"35":0,"36":0,"37":0,"38":0,"39":0,"40":0,"41":0,"42":0,"43":0,"44":0,"45":0,"46":0,"47":0,"48":0,"49":0,"50":0,"51":0,"52":0,"53":0,"54":0,"55":0},"f":{"0":0,"1":0,"2":0,"3":0,"4":0,"5":0,"6":0,"7":0,"8":0,"9":0,"10":0,"11":0,"12":0,"13":0,"14":0,"15":0,"16":0,"17":0,"18":0,"19":0,"20":0,"21":0,"22":0,"23":0,"24":0,"25":0,"26":0,"27":0,"28":0},"b":{}}
,"D:\\Cons-IMS\\frontend-clean\\src\\LandingPage.jsx": {"path":"D:\\Cons-IMS\\frontend-clean\\src\\LandingPage.jsx","statementMap":{"0":{"start":{"line":16,"column":17},"end":{"line":62,"column":1}},"1":{"start":{"line":64,"column":21},"end":{"line":83,"column":1}},"2":{"start":{"line":85,"column":13},"end":{"line":102,"column":1}},"3":{"start":{"line":105,"column":46},"end":{"line":105,"column":57}},"4":{"start":{"line":106,"column":32},"end":{"line":106,"column":72}},"5":{"start":{"line":107,"column":28},"end":{"line":107,"column":40}},"6":{"start":{"line":108,"column":38},"end":{"line":108,"column":50}},"7":{"start":{"line":110,"column":2},"end":{"line":115,"column":9}},"8":{"start":{"line":111,"column":18},"end":{"line":113,"column":12}},"9":{"start":{"line":112,"column":6},"end":{"line":112,"column":62}},"10":{"start":{"line":112,"column":31},"end":{"line":112,"column":60}},"11":{"start":{"line":114,"column":4},"end":{"line":114,"column":38}},"12":{"start":{"line":114,"column":17},"end":{"line":114,"column":37}},"13":{"start":{"line":118,"column":4},"end":{"line":118,"column":29}},"14":{"start":{"line":119,"column":4},"end":{"line":119,"column":22}},"15":{"start":{"line":122,"column":4},"end":{"line":122,"column":23}},"16":{"start":{"line":123,"column":4},"end":{"line":126,"column":5}},"17":{"start":{"line":124,"column":6},"end":{"line":124,"column":59}},"18":{"start":{"line":125,"column":6},"end":{"line":125,"column":13}},"19":{"start":{"line":127,"column":4},"end":{"line":127,"column":17}},"20":{"start":{"line":128,"column":4},"end":{"line":128,"column":39}},"21":{"start":{"line":131,"column":2},"end":{"line":332,"column":4}},"22":{"start":{"line":178,"column":12},"end":{"line":184,"column":18}},"23":{"start":{"line":194,"column":12},"end":{"line":197,"column":18}},"24":{"start":{"line":230,"column":14},"end":{"line":230,"column":167}},"25":{"start":{"line":230,"column":45},"end":{"line":230,"column":65}},"26":{"start":{"line":296,"column":12},"end":{"line":305,"column":18}},"27":{"start":{"line":299,"column":31},"end":{"line":299,"column":95}},"28":{"start":{"line":299,"column":52},"end":{"line":299,"column":94}},"29":{"start":{"line":299,"column":74},"end":{"line":299,"column":92}}},"fnMap":{"0":{"name":"LandingPage","decl":{"start":{"line":104,"column":24},"end":{"line":104,"column":35}},"loc":{"start":{"line":104,"column":38},"end":{"line":333,"column":1}},"line":104},"1":{"name":"(anonymous_1)","decl":{"start":{"line":110,"column":18},"end":{"line":110,"column":19}},"loc":{"start":{"line":110,"column":24},"end":{"line":115,"column":3}},"line":110},"2":{"name":"(anonymous_2)","decl":{"start":{"line":111,"column":30},"end":{"line":111,"column":31}},"loc":{"start":{"line":111,"column":36},"end":{"line":113,"column":5}},"line":111},"3":{"name":"(anonymous_3)","decl":{"start":{"line":112,"column":24},"end":{"line":112,"column":25}},"loc":{"start":{"line":112,"column":31},"end":{"line":112,"column":60}},"line":112},"4":{"name":"(anonymous_4)","decl":{"start":{"line":114,"column":11},"end":{"line":114,"column":12}},"loc":{"start":{"line":114,"column":17},"end":{"line":114,"column":37}},"line":114},"5":{"name":"handleEmailChange","decl":{"start":{"line":117,"column":11},"end":{"line":117,"column":28}},"loc":{"start":{"line":117,"column":32},"end":{"line":120,"column":3}},"line":117},"6":{"name":"handleNewsletter","decl":{"start":{"line":121,"column":11},"end":{"line":121,"column":27}},"loc":{"start":{"line":121,"column":31},"end":{"line":129,"column":3}},"line":121},"7":{"name":"(anonymous_7)","decl":{"start":{"line":177,"column":24},"end":{"line":177,"column":25}},"loc":{"start":{"line":178,"column":12},"end":{"line":184,"column":18}},"line":178},"8":{"name":"(anonymous_8)","decl":{"start":{"line":193,"column":97},"end":{"line":193,"column":98}},"loc":{"start":{"line":194,"column":12},"end":{"line":197,"column":18}},"line":194},"9":{"name":"(anonymous_9)","decl":{"start":{"line":229,"column":30},"end":{"line":229,"column":31}},"loc":{"start":{"line":230,"column":14},"end":{"line":230,"column":167}},"line":230},"10":{"name":"(anonymous_10)","decl":{"start":{"line":230,"column":39},"end":{"line":230,"column":40}},"loc":{"start":{"line":230,"column":45},"end":{"line":230,"column":65}},"line":230},"11":{"name":"(anonymous_11)","decl":{"start":{"line":295,"column":20},"end":{"line":295,"column":21}},"loc":{"start":{"line":296,"column":12},"end":{"line":305,"column":18}},"line":296},"12":{"name":"(anonymous_12)","decl":{"start":{"line":299,"column":25},"end":{"line":299,"column":26}},"loc":{"start":{"line":299,"column":31},"end":{"line":299,"column":95}},"line":299},"13":{"name":"(anonymous_13)","decl":{"start":{"line":299,"column":42},"end":{"line":299,"column":43}},"loc":{"start":{"line":299,"column":52},"end":{"line":299,"column":94}},"line":299},"14":{"name":"(anonymous_14)","decl":{"start":{"line":299,"column":61},"end":{"line":299,"column":62}},"loc":{"start":{"line":299,"column":74},"end":{"line":299,"column":92}},"line":299}},"branchMap":{"0":{"loc":{"start":{"line":123,"column":4},"end":{"line":126,"column":5}},"type":"if","locations":[{"start":{"line":123,"column":4},"end":{"line":126,"column":5}},{"start":{},"end":{}}],"line":123},"1":{"loc":{"start":{"line":230,"column":102},"end":{"line":230,"column":154}},"type":"cond-expr","locations":[{"start":{"line":230,"column":125},"end":{"line":230,"column":138}},{"start":{"line":230,"column":141},"end":{"line":230,"column":154}}],"line":230},"2":{"loc":{"start":{"line":286,"column":11},"end":{"line":286,"column":83}},"type":"binary-expr","locations":[{"start":{"line":286,"column":11},"end":{"line":286,"column":21}},{"start":{"line":286,"column":25},"end":{"line":286,"column":83}}],"line":286},"3":{"loc":{"start":{"line":299,"column":74},"end":{"line":299,"column":92}},"type":"cond-expr","locations":[{"start":{"line":299,"column":86},"end":{"line":299,"column":88}},{"start":{"line":299,"column":91},"end":{"line":299,"column":92}}],"line":299},"4":{"loc":{"start":{"line":302,"column":23},"end":{"line":302,"column":45}},"type":"cond-expr","locations":[{"start":{"line":302,"column":36},"end":{"line":302,"column":39}},{"start":{"line":302,"column":42},"end":{"line":302,"column":45}}],"line":302},"5":{"loc":{"start":{"line":304,"column":15},"end":{"line":304,"column":95}},"type":"binary-expr","locations":[{"start":{"line":304,"column":15},"end":{"line":304,"column":25}},{"start":{"line":304,"column":29},"end":{"line":304,"column":95}}],"line":304}},"s":{"0":0,"1":0,"2":0,"3":0,"4":0,"5":0,"6":0,"7":0,"8":0,"9":0,"10":0,"11":0,"12":0,"13":0,"14":0,"15":0,"16":0,"17":0,"18":0,"19":0,"20":0,"21":0,"22":0,"23":0,"24":0,"25":0,"26":0,"27":0,"28":0,"29":0},"f":{"0":0,"1":0,"2":0,"3":0,"4":0,"5":0,"6":0,"7":0,"8":0,"9":0,"10":0,"11":0,"12":0,"13":0,"14":0},"b":{"0":[0,0],"1":[0,0],"2":[0,0],"3":[0,0],"4":[0,0],"5":[0,0]}}
,"D:\\Cons-IMS\\frontend-clean\\src\\axiosInstance.js": {"path":"D:\\Cons-IMS\\frontend-clean\\src\\axiosInstance.js","statementMap":{"0":{"start":{"line":3,"column":22},"end":{"line":6,"column":2}},"1":{"start":{"line":8,"column":0},"end":{"line":12,"column":3}},"2":{"start":{"line":9,"column":16},"end":{"line":9,"column":80}},"3":{"start":{"line":10,"column":2},"end":{"line":10,"column":62}},"4":{"start":{"line":10,"column":13},"end":{"line":10,"column":62}},"5":{"start":{"line":11,"column":2},"end":{"line":11,"column":16}}},"fnMap":{"0":{"name":"(anonymous_0)","decl":{"start":{"line":8,"column":39},"end":{"line":8,"column":40}},"loc":{"start":{"line":8,"column":49},"end":{"line":12,"column":1}},"line":8}},"branchMap":{"0":{"loc":{"start":{"line":9,"column":16},"end":{"line":9,"column":80}},"type":"binary-expr","locations":[{"start":{"line":9,"column":16},"end":{"line":9,"column":45}},{"start":{"line":9,"column":49},"end":{"line":9,"column":80}}],"line":9},"1":{"loc":{"start":{"line":10,"column":2},"end":{"line":10,"column":62}},"type":"if","locations":[{"start":{"line":10,"column":2},"end":{"line":10,"column":62}},{"start":{},"end":{}}],"line":10}},"s":{"0":0,"1":0,"2":0,"3":0,"4":0,"5":0},"f":{"0":0},"b":{"0":[0,0],"1":[0,0]}}
,"D:\\Cons-IMS\\frontend-clean\\src\\debugEnv.js": {"path":"D:\\Cons-IMS\\frontend-clean\\src\\debugEnv.js","statementMap":{"0":{"start":{"line":2,"column":0},"end":{"line":2,"column":77}},"1":{"start":{"line":3,"column":0},"end":{"line":3,"column":85}},"2":{"start":{"line":4,"column":0},"end":{"line":4,"column":83}},"3":{"start":{"line":5,"column":0},"end":{"line":5,"column":91}},"4":{"start":{"line":6,"column":0},"end":{"line":6,"column":101}},"5":{"start":{"line":7,"column":0},"end":{"line":7,"column":75}}},"fnMap":{},"branchMap":{},"s":{"0":0,"1":0,"2":0,"3":0,"4":0,"5":0},"f":{},"b":{}}
,"D:\\Cons-IMS\\frontend-clean\\src\\test-utils.js": {"path":"D:\\Cons-IMS\\frontend-clean\\src\\test-utils.js","statementMap":{"0":{"start":{"line":6,"column":2},"end":{"line":9,"column":4}}},"fnMap":{"0":{"name":"renderWithProviders","decl":{"start":{"line":5,"column":16},"end":{"line":5,"column":35}},"loc":{"start":{"line":5,"column":87},"end":{"line":10,"column":1}},"line":5}},"branchMap":{"0":{"loc":{"start":{"line":5,"column":40},"end":{"line":5,"column":85}},"type":"default-arg","locations":[{"start":{"line":5,"column":83},"end":{"line":5,"column":85}}],"line":5},"1":{"loc":{"start":{"line":5,"column":42},"end":{"line":5,"column":60}},"type":"default-arg","locations":[{"start":{"line":5,"column":58},"end":{"line":5,"column":60}}],"line":5}},"s":{"0":11},"f":{"0":11},"b":{"0":[11],"1":[11]},"_coverageSchema":"1a1c01bbd47fc00a2c39e90264f33305004495a9","hash":"9af4a8a49e7d4036356ea3821a8d872a6d6ab8e7"}
,"D:\\Cons-IMS\\frontend-clean\\src\\api\\axiosInstance.js": {"path":"D:\\Cons-IMS\\frontend-clean\\src\\api\\axiosInstance.js","statementMap":{"0":{"start":{"line":3,"column":22},"end":{"line":5,"column":2}},"1":{"start":{"line":7,"column":0},"end":{"line":11,"column":3}},"2":{"start":{"line":8,"column":16},"end":{"line":8,"column":45}},"3":{"start":{"line":9,"column":2},"end":{"line":9,"column":65}},"4":{"start":{"line":9,"column":13},"end":{"line":9,"column":65}},"5":{"start":{"line":10,"column":2},"end":{"line":10,"column":16}},"6":{"start":{"line":13,"column":0},"end":{"line":23,"column":2}},"7":{"start":{"line":14,"column":9},"end":{"line":14,"column":12}},"8":{"start":{"line":16,"column":4},"end":{"line":20,"column":5}},"9":{"start":{"line":17,"column":6},"end":{"line":17,"column":39}},"10":{"start":{"line":18,"column":6},"end":{"line":18,"column":38}},"11":{"start":{"line":19,"column":6},"end":{"line":19,"column":38}},"12":{"start":{"line":21,"column":4},"end":{"line":21,"column":31}}},"fnMap":{"0":{"name":"(anonymous_0)","decl":{"start":{"line":7,"column":39},"end":{"line":7,"column":40}},"loc":{"start":{"line":7,"column":49},"end":{"line":11,"column":1}},"line":7},"1":{"name":"(anonymous_1)","decl":{"start":{"line":14,"column":2},"end":{"line":14,"column":3}},"loc":{"start":{"line":14,"column":9},"end":{"line":14,"column":12}},"line":14},"2":{"name":"(anonymous_2)","decl":{"start":{"line":15,"column":2},"end":{"line":15,"column":3}},"loc":{"start":{"line":15,"column":9},"end":{"line":22,"column":3}},"line":15}},"branchMap":{"0":{"loc":{"start":{"line":4,"column":11},"end":{"line":4,"column":70}},"type":"binary-expr","locations":[{"start":{"line":4,"column":11},"end":{"line":4,"column":39}},{"start":{"line":4,"column":43},"end":{"line":4,"column":70}}],"line":4},"1":{"loc":{"start":{"line":9,"column":2},"end":{"line":9,"column":65}},"type":"if","locations":[{"start":{"line":9,"column":2},"end":{"line":9,"column":65}},{"start":{},"end":{}}],"line":9},"2":{"loc":{"start":{"line":16,"column":4},"end":{"line":20,"column":5}},"type":"if","locations":[{"start":{"line":16,"column":4},"end":{"line":20,"column":5}},{"start":{},"end":{}}],"line":16},"3":{"loc":{"start":{"line":16,"column":8},"end":{"line":16,"column":51}},"type":"binary-expr","locations":[{"start":{"line":16,"column":8},"end":{"line":16,"column":20}},{"start":{"line":16,"column":24},"end":{"line":16,"column":51}}],"line":16}},"s":{"0":0,"1":0,"2":0,"3":0,"4":0,"5":0,"6":0,"7":0,"8":0,"9":0,"10":0,"11":0,"12":0},"f":{"0":0,"1":0,"2":0},"b":{"0":[0,0],"1":[0,0],"2":[0,0],"3":[0,0]}}
,"D:\\Cons-IMS\\frontend-clean\\src\\api\\mock\\adminMockApi.js": {"path":"D:\\Cons-IMS\\frontend-clean\\src\\api\\mock\\adminMockApi.js","statementMap":{"0":{"start":{"line":3,"column":25},"end":{"line":8,"column":1}},"1":{"start":{"line":10,"column":25},"end":{"line":15,"column":1}},"2":{"start":{"line":17,"column":28},"end":{"line":20,"column":1}},"3":{"start":{"line":23,"column":2},"end":{"line":23,"column":41}},"4":{"start":{"line":26,"column":2},"end":{"line":26,"column":41}},"5":{"start":{"line":29,"column":2},"end":{"line":29,"column":44}}},"fnMap":{"0":{"name":"fetchMockUsers","decl":{"start":{"line":22,"column":16},"end":{"line":22,"column":30}},"loc":{"start":{"line":22,"column":33},"end":{"line":24,"column":1}},"line":22},"1":{"name":"fetchMockRoles","decl":{"start":{"line":25,"column":16},"end":{"line":25,"column":30}},"loc":{"start":{"line":25,"column":33},"end":{"line":27,"column":1}},"line":25},"2":{"name":"fetchMockProjects","decl":{"start":{"line":28,"column":16},"end":{"line":28,"column":33}},"loc":{"start":{"line":28,"column":36},"end":{"line":30,"column":1}},"line":28}},"branchMap":{},"s":{"0":0,"1":0,"2":0,"3":0,"4":0,"5":0},"f":{"0":0,"1":0,"2":0},"b":{}}
,"D:\\Cons-IMS\\frontend-clean\\src\\api\\mock\\userApi.js": {"path":"D:\\Cons-IMS\\frontend-clean\\src\\api\\mock\\userApi.js","statementMap":{"0":{"start":{"line":2,"column":12},"end":{"line":7,"column":1}},"1":{"start":{"line":10,"column":2},"end":{"line":10,"column":37}},"2":{"start":{"line":13,"column":2},"end":{"line":13,"column":42}},"3":{"start":{"line":14,"column":2},"end":{"line":14,"column":19}},"4":{"start":{"line":15,"column":2},"end":{"line":15,"column":31}},"5":{"start":{"line":18,"column":2},"end":{"line":18,"column":67}},"6":{"start":{"line":18,"column":25},"end":{"line":18,"column":65}},"7":{"start":{"line":19,"column":2},"end":{"line":19,"column":31}},"8":{"start":{"line":22,"column":2},"end":{"line":22,"column":45}},"9":{"start":{"line":22,"column":28},"end":{"line":22,"column":43}},"10":{"start":{"line":23,"column":2},"end":{"line":23,"column":27}},"11":{"start":{"line":27,"column":2},"end":{"line":27,"column":84}},"12":{"start":{"line":27,"column":25},"end":{"line":27,"column":82}},"13":{"start":{"line":28,"column":2},"end":{"line":28,"column":27}}},"fnMap":{"0":{"name":"fetchUsers","decl":{"start":{"line":9,"column":22},"end":{"line":9,"column":32}},"loc":{"start":{"line":9,"column":35},"end":{"line":11,"column":1}},"line":9},"1":{"name":"createUser","decl":{"start":{"line":12,"column":22},"end":{"line":12,"column":32}},"loc":{"start":{"line":12,"column":39},"end":{"line":16,"column":1}},"line":12},"2":{"name":"updateUser","decl":{"start":{"line":17,"column":22},"end":{"line":17,"column":32}},"loc":{"start":{"line":17,"column":39},"end":{"line":20,"column":1}},"line":17},"3":{"name":"(anonymous_3)","decl":{"start":{"line":18,"column":20},"end":{"line":18,"column":21}},"loc":{"start":{"line":18,"column":25},"end":{"line":18,"column":65}},"line":18},"4":{"name":"deleteUser","decl":{"start":{"line":21,"column":22},"end":{"line":21,"column":32}},"loc":{"start":{"line":21,"column":41},"end":{"line":24,"column":1}},"line":21},"5":{"name":"(anonymous_5)","decl":{"start":{"line":22,"column":23},"end":{"line":22,"column":24}},"loc":{"start":{"line":22,"column":28},"end":{"line":22,"column":43}},"line":22},"6":{"name":"bulkUpdateUsers","decl":{"start":{"line":25,"column":22},"end":{"line":25,"column":37}},"loc":{"start":{"line":25,"column":47},"end":{"line":29,"column":1}},"line":25},"7":{"name":"(anonymous_7)","decl":{"start":{"line":27,"column":20},"end":{"line":27,"column":21}},"loc":{"start":{"line":27,"column":25},"end":{"line":27,"column":82}},"line":27}},"branchMap":{"0":{"loc":{"start":{"line":18,"column":25},"end":{"line":18,"column":65}},"type":"cond-expr","locations":[{"start":{"line":18,"column":44},"end":{"line":18,"column":61}},{"start":{"line":18,"column":64},"end":{"line":18,"column":65}}],"line":18},"1":{"loc":{"start":{"line":27,"column":25},"end":{"line":27,"column":82}},"type":"cond-expr","locations":[{"start":{"line":27,"column":50},"end":{"line":27,"column":78}},{"start":{"line":27,"column":81},"end":{"line":27,"column":82}}],"line":27}},"s":{"0":0,"1":0,"2":0,"3":0,"4":0,"5":0,"6":0,"7":0,"8":0,"9":0,"10":0,"11":0,"12":0,"13":0},"f":{"0":0,"1":0,"2":0,"3":0,"4":0,"5":0,"6":0,"7":0},"b":{"0":[0,0],"1":[0,0]}}
,"D:\\Cons-IMS\\frontend-clean\\src\\components\\BOQ.jsx": {"path":"D:\\Cons-IMS\\frontend-clean\\src\\components\\BOQ.jsx","statementMap":{"0":{"start":{"line":8,"column":23},"end":{"line":8,"column":32}},"1":{"start":{"line":9,"column":24},"end":{"line":9,"column":40}},"2":{"start":{"line":10,"column":28},"end":{"line":13,"column":4}},"3":{"start":{"line":14,"column":34},"end":{"line":14,"column":48}},"4":{"start":{"line":15,"column":28},"end":{"line":15,"column":40}},"5":{"start":{"line":17,"column":18},"end":{"line":17,"column":74}},"6":{"start":{"line":20,"column":4},"end":{"line":23,"column":5}},"7":{"start":{"line":21,"column":6},"end":{"line":21,"column":63}},"8":{"start":{"line":22,"column":6},"end":{"line":22,"column":13}},"9":{"start":{"line":24,"column":4},"end":{"line":24,"column":17}},"10":{"start":{"line":25,"column":4},"end":{"line":25,"column":19}},"11":{"start":{"line":28,"column":4},"end":{"line":34,"column":5}},"12":{"start":{"line":29,"column":6},"end":{"line":29,"column":62}},"13":{"start":{"line":30,"column":6},"end":{"line":30,"column":21}},"14":{"start":{"line":31,"column":6},"end":{"line":31,"column":19}},"15":{"start":{"line":33,"column":6},"end":{"line":33,"column":56}},"16":{"start":{"line":37,"column":4},"end":{"line":37,"column":19}},"17":{"start":{"line":38,"column":4},"end":{"line":38,"column":17}},"18":{"start":{"line":41,"column":4},"end":{"line":47,"column":5}},"19":{"start":{"line":42,"column":6},"end":{"line":42,"column":24}},"20":{"start":{"line":43,"column":6},"end":{"line":43,"column":21}},"21":{"start":{"line":44,"column":6},"end":{"line":44,"column":19}},"22":{"start":{"line":46,"column":6},"end":{"line":46,"column":47}},"23":{"start":{"line":50,"column":4},"end":{"line":50,"column":22}},"24":{"start":{"line":51,"column":4},"end":{"line":51,"column":19}},"25":{"start":{"line":52,"column":4},"end":{"line":52,"column":17}},"26":{"start":{"line":55,"column":2},"end":{"line":75,"column":4}},"27":{"start":{"line":60,"column":170},"end":{"line":60,"column":184}}},"fnMap":{"0":{"name":"BOQ","decl":{"start":{"line":7,"column":24},"end":{"line":7,"column":27}},"loc":{"start":{"line":7,"column":30},"end":{"line":76,"column":1}},"line":7},"1":{"name":"handleAdd","decl":{"start":{"line":19,"column":11},"end":{"line":19,"column":20}},"loc":{"start":{"line":19,"column":23},"end":{"line":26,"column":3}},"line":19},"2":{"name":"handleSave","decl":{"start":{"line":27,"column":11},"end":{"line":27,"column":21}},"loc":{"start":{"line":27,"column":28},"end":{"line":35,"column":3}},"line":27},"3":{"name":"handleCancel","decl":{"start":{"line":36,"column":11},"end":{"line":36,"column":23}},"loc":{"start":{"line":36,"column":26},"end":{"line":39,"column":3}},"line":36},"4":{"name":"handleView","decl":{"start":{"line":40,"column":11},"end":{"line":40,"column":21}},"loc":{"start":{"line":40,"column":28},"end":{"line":48,"column":3}},"line":40},"5":{"name":"handleBack","decl":{"start":{"line":49,"column":11},"end":{"line":49,"column":21}},"loc":{"start":{"line":49,"column":24},"end":{"line":53,"column":3}},"line":49},"6":{"name":"(anonymous_6)","decl":{"start":{"line":60,"column":164},"end":{"line":60,"column":165}},"loc":{"start":{"line":60,"column":170},"end":{"line":60,"column":184}},"line":60}},"branchMap":{"0":{"loc":{"start":{"line":20,"column":4},"end":{"line":23,"column":5}},"type":"if","locations":[{"start":{"line":20,"column":4},"end":{"line":23,"column":5}},{"start":{},"end":{}}],"line":20},"1":{"loc":{"start":{"line":58,"column":7},"end":{"line":58,"column":78}},"type":"binary-expr","locations":[{"start":{"line":58,"column":7},"end":{"line":58,"column":12}},{"start":{"line":58,"column":16},"end":{"line":58,"column":78}}],"line":58},"2":{"loc":{"start":{"line":60,"column":79},"end":{"line":60,"column":151}},"type":"cond-expr","locations":[{"start":{"line":60,"column":96},"end":{"line":60,"column":120}},{"start":{"line":60,"column":123},"end":{"line":60,"column":151}}],"line":60},"3":{"loc":{"start":{"line":62,"column":73},"end":{"line":62,"column":147}},"type":"cond-expr","locations":[{"start":{"line":62,"column":90},"end":{"line":62,"column":115}},{"start":{"line":62,"column":118},"end":{"line":62,"column":147}}],"line":62},"4":{"loc":{"start":{"line":62,"column":151},"end":{"line":62,"column":198}},"type":"cond-expr","locations":[{"start":{"line":62,"column":162},"end":{"line":62,"column":193}},{"start":{"line":62,"column":196},"end":{"line":62,"column":198}}],"line":62},"5":{"loc":{"start":{"line":70,"column":9},"end":{"line":70,"column":108}},"type":"binary-expr","locations":[{"start":{"line":70,"column":9},"end":{"line":70,"column":23}},{"start":{"line":70,"column":27},"end":{"line":70,"column":108}}],"line":70},"6":{"loc":{"start":{"line":71,"column":9},"end":{"line":71,"column":82}},"type":"binary-expr","locations":[{"start":{"line":71,"column":9},"end":{"line":71,"column":23}},{"start":{"line":71,"column":27},"end":{"line":71,"column":82}}],"line":71},"7":{"loc":{"start":{"line":72,"column":9},"end":{"line":72,"column":74}},"type":"binary-expr","locations":[{"start":{"line":72,"column":9},"end":{"line":72,"column":23}},{"start":{"line":72,"column":27},"end":{"line":72,"column":74}}],"line":72}},"s":{"0":0,"1":0,"2":0,"3":0,"4":0,"5":0,"6":0,"7":0,"8":0,"9":0,"10":0,"11":0,"12":0,"13":0,"14":0,"15":0,"16":0,"17":0,"18":0,"19":0,"20":0,"21":0,"22":0,"23":0,"24":0,"25":0,"26":0,"27":0},"f":{"0":0,"1":0,"2":0,"3":0,"4":0,"5":0,"6":0},"b":{"0":[0,0],"1":[0,0],"2":[0,0],"3":[0,0],"4":[0,0],"5":[0,0],"6":[0,0],"7":[0,0]}}
,"D:\\Cons-IMS\\frontend-clean\\src\\components\\DailyReports.jsx": {"path":"D:\\Cons-IMS\\frontend-clean\\src\\components\\DailyReports.jsx","statementMap":{"0":{"start":{"line":7,"column":26},"end":{"line":7,"column":42}},"1":{"start":{"line":8,"column":46},"end":{"line":8,"column":60}},"2":{"start":{"line":11,"column":4},"end":{"line":11,"column":19}},"3":{"start":{"line":15,"column":4},"end":{"line":15,"column":30}},"4":{"start":{"line":16,"column":4},"end":{"line":16,"column":20}},"5":{"start":{"line":20,"column":4},"end":{"line":20,"column":28}},"6":{"start":{"line":21,"column":4},"end":{"line":21,"column":20}},"7":{"start":{"line":25,"column":2},"end":{"line":31,"column":3}},"8":{"start":{"line":26,"column":4},"end":{"line":26,"column":60}},"9":{"start":{"line":27,"column":9},"end":{"line":31,"column":3}},"10":{"start":{"line":28,"column":4},"end":{"line":28,"column":134}},"11":{"start":{"line":28,"column":46},"end":{"line":28,"column":61}},"12":{"start":{"line":28,"column":82},"end":{"line":28,"column":97}},"13":{"start":{"line":28,"column":114},"end":{"line":28,"column":129}},"14":{"start":{"line":29,"column":9},"end":{"line":31,"column":3}},"15":{"start":{"line":30,"column":4},"end":{"line":30,"column":84}},"16":{"start":{"line":33,"column":2},"end":{"line":43,"column":4}}},"fnMap":{"0":{"name":"DailyReports","decl":{"start":{"line":6,"column":24},"end":{"line":6,"column":36}},"loc":{"start":{"line":6,"column":39},"end":{"line":44,"column":1}},"line":6},"1":{"name":"handleAddReport","decl":{"start":{"line":10,"column":11},"end":{"line":10,"column":26}},"loc":{"start":{"line":10,"column":29},"end":{"line":12,"column":3}},"line":10},"2":{"name":"handleViewReport","decl":{"start":{"line":14,"column":11},"end":{"line":14,"column":27}},"loc":{"start":{"line":14,"column":36},"end":{"line":17,"column":3}},"line":14},"3":{"name":"handleBackToList","decl":{"start":{"line":19,"column":11},"end":{"line":19,"column":27}},"loc":{"start":{"line":19,"column":30},"end":{"line":22,"column":3}},"line":19},"4":{"name":"(anonymous_4)","decl":{"start":{"line":28,"column":40},"end":{"line":28,"column":41}},"loc":{"start":{"line":28,"column":46},"end":{"line":28,"column":61}},"line":28},"5":{"name":"(anonymous_5)","decl":{"start":{"line":28,"column":76},"end":{"line":28,"column":77}},"loc":{"start":{"line":28,"column":82},"end":{"line":28,"column":97}},"line":28},"6":{"name":"(anonymous_6)","decl":{"start":{"line":28,"column":108},"end":{"line":28,"column":109}},"loc":{"start":{"line":28,"column":114},"end":{"line":28,"column":129}},"line":28}},"branchMap":{"0":{"loc":{"start":{"line":25,"column":2},"end":{"line":31,"column":3}},"type":"if","locations":[{"start":{"line":25,"column":2},"end":{"line":31,"column":3}},{"start":{"line":27,"column":9},"end":{"line":31,"column":3}}],"line":25},"1":{"loc":{"start":{"line":27,"column":9},"end":{"line":31,"column":3}},"type":"if","locations":[{"start":{"line":27,"column":9},"end":{"line":31,"column":3}},{"start":{"line":29,"column":9},"end":{"line":31,"column":3}}],"line":27},"2":{"loc":{"start":{"line":29,"column":9},"end":{"line":31,"column":3}},"type":"if","locations":[{"start":{"line":29,"column":9},"end":{"line":31,"column":3}},{"start":{},"end":{}}],"line":29},"3":{"loc":{"start":{"line":37,"column":9},"end":{"line":39,"column":9}},"type":"binary-expr","locations":[{"start":{"line":37,"column":9},"end":{"line":37,"column":24}},{"start":{"line":38,"column":10},"end":{"line":38,"column":163}}],"line":37}},"s":{"0":0,"1":0,"2":0,"3":0,"4":0,"5":0,"6":0,"7":0,"8":0,"9":0,"10":0,"11":0,"12":0,"13":0,"14":0,"15":0,"16":0},"f":{"0":0,"1":0,"2":0,"3":0,"4":0,"5":0,"6":0},"b":{"0":[0,0],"1":[0,0],"2":[0,0],"3":[0,0]}}
,"D:\\Cons-IMS\\frontend-clean\\src\\components\\Dashboard.jsx": {"path":"D:\\Cons-IMS\\frontend-clean\\src\\components\\Dashboard.jsx","statementMap":{},"fnMap":{},"branchMap":{},"s":{},"f":{},"b":{}}
,"D:\\Cons-IMS\\frontend-clean\\src\\components\\DashboardCard.js": {"path":"D:\\Cons-IMS\\frontend-clean\\src\\components\\DashboardCard.js","statementMap":{"0":{"start":{"line":4,"column":2},"end":{"line":10,"column":4}}},"fnMap":{"0":{"name":"DashboardCard","decl":{"start":{"line":3,"column":24},"end":{"line":3,"column":37}},"loc":{"start":{"line":3,"column":71},"end":{"line":11,"column":1}},"line":3}},"branchMap":{},"s":{"0":0},"f":{"0":0},"b":{}}
,"D:\\Cons-IMS\\frontend-clean\\src\\components\\DashboardCard.jsx": {"path":"D:\\Cons-IMS\\frontend-clean\\src\\components\\DashboardCard.jsx","statementMap":{"0":{"start":{"line":4,"column":2},"end":{"line":10,"column":4}}},"fnMap":{"0":{"name":"DashboardCard","decl":{"start":{"line":3,"column":24},"end":{"line":3,"column":37}},"loc":{"start":{"line":3,"column":71},"end":{"line":11,"column":1}},"line":3}},"branchMap":{},"s":{"0":0},"f":{"0":0},"b":{}}
,"D:\\Cons-IMS\\frontend-clean\\src\\components\\DashboardHome.jsx": {"path":"D:\\Cons-IMS\\frontend-clean\\src\\components\\DashboardHome.jsx","statementMap":{"0":{"start":{"line":6,"column":18},"end":{"line":11,"column":1}},"1":{"start":{"line":13,"column":17},"end":{"line":13,"column":49}},"2":{"start":{"line":15,"column":18},"end":{"line":24,"column":1}},"3":{"start":{"line":26,"column":21},"end":{"line":35,"column":1}},"4":{"start":{"line":37,"column":14},"end":{"line":42,"column":1}},"5":{"start":{"line":45,"column":32},"end":{"line":45,"column":67}},"6":{"start":{"line":46,"column":24},"end":{"line":46,"column":44}},"7":{"start":{"line":47,"column":17},"end":{"line":47,"column":80}},"8":{"start":{"line":49,"column":2},"end":{"line":52,"column":9}},"9":{"start":{"line":50,"column":18},"end":{"line":50,"column":61}},"10":{"start":{"line":50,"column":36},"end":{"line":50,"column":54}},"11":{"start":{"line":51,"column":4},"end":{"line":51,"column":38}},"12":{"start":{"line":51,"column":17},"end":{"line":51,"column":37}},"13":{"start":{"line":54,"column":19},"end":{"line":54,"column":89}},"14":{"start":{"line":55,"column":19},"end":{"line":55,"column":59}},"15":{"start":{"line":57,"column":2},"end":{"line":125,"column":4}},"16":{"start":{"line":77,"column":51},"end":{"line":77,"column":77}},"17":{"start":{"line":78,"column":33},"end":{"line":78,"column":61}},"18":{"start":{"line":87,"column":12},"end":{"line":96,"column":25}},"19":{"start":{"line":103,"column":10},"end":{"line":111,"column":26}}},"fnMap":{"0":{"name":"DashboardHome","decl":{"start":{"line":44,"column":24},"end":{"line":44,"column":37}},"loc":{"start":{"line":44,"column":134},"end":{"line":126,"column":1}},"line":44},"1":{"name":"(anonymous_1)","decl":{"start":{"line":49,"column":12},"end":{"line":49,"column":13}},"loc":{"start":{"line":49,"column":18},"end":{"line":52,"column":3}},"line":49},"2":{"name":"(anonymous_2)","decl":{"start":{"line":50,"column":30},"end":{"line":50,"column":31}},"loc":{"start":{"line":50,"column":36},"end":{"line":50,"column":54}},"line":50},"3":{"name":"(anonymous_3)","decl":{"start":{"line":51,"column":11},"end":{"line":51,"column":12}},"loc":{"start":{"line":51,"column":17},"end":{"line":51,"column":37}},"line":51},"4":{"name":"(anonymous_4)","decl":{"start":{"line":77,"column":46},"end":{"line":77,"column":47}},"loc":{"start":{"line":77,"column":51},"end":{"line":77,"column":77}},"line":77},"5":{"name":"(anonymous_5)","decl":{"start":{"line":78,"column":28},"end":{"line":78,"column":29}},"loc":{"start":{"line":78,"column":33},"end":{"line":78,"column":61}},"line":78},"6":{"name":"(anonymous_6)","decl":{"start":{"line":86,"column":25},"end":{"line":86,"column":26}},"loc":{"start":{"line":87,"column":12},"end":{"line":96,"column":25}},"line":87},"7":{"name":"(anonymous_7)","decl":{"start":{"line":102,"column":26},"end":{"line":102,"column":27}},"loc":{"start":{"line":103,"column":10},"end":{"line":111,"column":26}},"line":103}},"branchMap":{"0":{"loc":{"start":{"line":44,"column":40},"end":{"line":44,"column":130}},"type":"default-arg","locations":[{"start":{"line":44,"column":47},"end":{"line":44,"column":130}}],"line":44},"1":{"loc":{"start":{"line":45,"column":41},"end":{"line":45,"column":66}},"type":"binary-expr","locations":[{"start":{"line":45,"column":41},"end":{"line":45,"column":53}},{"start":{"line":45,"column":57},"end":{"line":45,"column":66}}],"line":45},"2":{"loc":{"start":{"line":47,"column":17},"end":{"line":47,"column":80}},"type":"binary-expr","locations":[{"start":{"line":47,"column":17},"end":{"line":47,"column":28}},{"start":{"line":47,"column":32},"end":{"line":47,"column":80}}],"line":47},"3":{"loc":{"start":{"line":54,"column":19},"end":{"line":54,"column":89}},"type":"cond-expr","locations":[{"start":{"line":54,"column":71},"end":{"line":54,"column":80}},{"start":{"line":54,"column":83},"end":{"line":54,"column":89}}],"line":54},"4":{"loc":{"start":{"line":54,"column":19},"end":{"line":54,"column":68}},"type":"binary-expr","locations":[{"start":{"line":54,"column":19},"end":{"line":54,"column":48}},{"start":{"line":54,"column":52},"end":{"line":54,"column":68}}],"line":54},"5":{"loc":{"start":{"line":55,"column":19},"end":{"line":55,"column":59}},"type":"binary-expr","locations":[{"start":{"line":55,"column":19},"end":{"line":55,"column":38}},{"start":{"line":55,"column":42},"end":{"line":55,"column":59}}],"line":55},"6":{"loc":{"start":{"line":120,"column":16},"end":{"line":120,"column":54}},"type":"binary-expr","locations":[{"start":{"line":120,"column":16},"end":{"line":120,"column":32}},{"start":{"line":120,"column":36},"end":{"line":120,"column":54}}],"line":120}},"s":{"0":0,"1":0,"2":0,"3":0,"4":0,"5":0,"6":0,"7":0,"8":0,"9":0,"10":0,"11":0,"12":0,"13":0,"14":0,"15":0,"16":0,"17":0,"18":0,"19":0},"f":{"0":0,"1":0,"2":0,"3":0,"4":0,"5":0,"6":0,"7":0},"b":{"0":[0],"1":[0,0],"2":[0,0],"3":[0,0],"4":[0,0],"5":[0,0],"6":[0,0]}}
,"D:\\Cons-IMS\\frontend-clean\\src\\components\\DashboardLayout.jsx": {"path":"D:\\Cons-IMS\\frontend-clean\\src\\components\\DashboardLayout.jsx","statementMap":{"0":{"start":{"line":9,"column":15},"end":{"line":9,"column":97}},"1":{"start":{"line":10,"column":17},"end":{"line":13,"column":3}},"2":{"start":{"line":11,"column":4},"end":{"line":11,"column":43}},"3":{"start":{"line":12,"column":4},"end":{"line":12,"column":36}},"4":{"start":{"line":14,"column":36},"end":{"line":14,"column":51}},"5":{"start":{"line":15,"column":19},"end":{"line":15,"column":32}},"6":{"start":{"line":16,"column":15},"end":{"line":16,"column":36}},"7":{"start":{"line":18,"column":2},"end":{"line":43,"column":4}},"8":{"start":{"line":29,"column":127},"end":{"line":29,"column":136}},"9":{"start":{"line":29,"column":137},"end":{"line":29,"column":156}},"10":{"start":{"line":36,"column":69},"end":{"line":36,"column":90}},"11":{"start":{"line":36,"column":87},"end":{"line":36,"column":89}}},"fnMap":{"0":{"name":"DashboardLayout","decl":{"start":{"line":7,"column":24},"end":{"line":7,"column":39}},"loc":{"start":{"line":7,"column":42},"end":{"line":44,"column":1}},"line":7},"1":{"name":"(anonymous_1)","decl":{"start":{"line":10,"column":17},"end":{"line":10,"column":18}},"loc":{"start":{"line":10,"column":23},"end":{"line":13,"column":3}},"line":10},"2":{"name":"(anonymous_2)","decl":{"start":{"line":29,"column":119},"end":{"line":29,"column":120}},"loc":{"start":{"line":29,"column":125},"end":{"line":29,"column":158}},"line":29},"3":{"name":"(anonymous_3)","decl":{"start":{"line":36,"column":63},"end":{"line":36,"column":64}},"loc":{"start":{"line":36,"column":69},"end":{"line":36,"column":90}},"line":36},"4":{"name":"(anonymous_4)","decl":{"start":{"line":36,"column":82},"end":{"line":36,"column":83}},"loc":{"start":{"line":36,"column":87},"end":{"line":36,"column":89}},"line":36}},"branchMap":{"0":{"loc":{"start":{"line":9,"column":15},"end":{"line":9,"column":97}},"type":"binary-expr","locations":[{"start":{"line":9,"column":15},"end":{"line":9,"column":62}},{"start":{"line":9,"column":66},"end":{"line":9,"column":97}}],"line":9},"1":{"loc":{"start":{"line":16,"column":15},"end":{"line":16,"column":36}},"type":"binary-expr","locations":[{"start":{"line":16,"column":15},"end":{"line":16,"column":25}},{"start":{"line":16,"column":29},"end":{"line":16,"column":36}}],"line":16},"2":{"loc":{"start":{"line":27,"column":43},"end":{"line":27,"column":63}},"type":"binary-expr","locations":[{"start":{"line":27,"column":43},"end":{"line":27,"column":53}},{"start":{"line":27,"column":57},"end":{"line":27,"column":63}}],"line":27},"3":{"loc":{"start":{"line":33,"column":9},"end":{"line":37,"column":9}},"type":"cond-expr","locations":[{"start":{"line":34,"column":10},"end":{"line":34,"column":75}},{"start":{"line":36,"column":10},"end":{"line":36,"column":94}}],"line":33}},"s":{"0":0,"1":0,"2":0,"3":0,"4":0,"5":0,"6":0,"7":0,"8":0,"9":0,"10":0,"11":0},"f":{"0":0,"1":0,"2":0,"3":0,"4":0},"b":{"0":[0,0],"1":[0,0],"2":[0,0],"3":[0,0]}}
,"D:\\Cons-IMS\\frontend-clean\\src\\components\\DashboardRedirectWrapper.jsx": {"path":"D:\\Cons-IMS\\frontend-clean\\src\\components\\DashboardRedirectWrapper.jsx","statementMap":{"0":{"start":{"line":8,"column":36},"end":{"line":8,"column":59}},"1":{"start":{"line":9,"column":19},"end":{"line":9,"column":32}},"2":{"start":{"line":10,"column":2},"end":{"line":19,"column":40}},"3":{"start":{"line":11,"column":24},"end":{"line":11,"column":71}},"4":{"start":{"line":12,"column":4},"end":{"line":17,"column":5}},"5":{"start":{"line":16,"column":6},"end":{"line":16,"column":51}},"6":{"start":{"line":21,"column":2},"end":{"line":26,"column":3}},"7":{"start":{"line":25,"column":4},"end":{"line":25,"column":27}},"8":{"start":{"line":28,"column":2},"end":{"line":28,"column":18}}},"fnMap":{"0":{"name":"DashboardRedirectWrapper","decl":{"start":{"line":7,"column":24},"end":{"line":7,"column":48}},"loc":{"start":{"line":7,"column":51},"end":{"line":29,"column":1}},"line":7},"1":{"name":"(anonymous_1)","decl":{"start":{"line":10,"column":12},"end":{"line":10,"column":13}},"loc":{"start":{"line":10,"column":18},"end":{"line":19,"column":3}},"line":10}},"branchMap":{"0":{"loc":{"start":{"line":12,"column":4},"end":{"line":17,"column":5}},"type":"if","locations":[{"start":{"line":12,"column":4},"end":{"line":17,"column":5}},{"start":{},"end":{}}],"line":12},"1":{"loc":{"start":{"line":13,"column":6},"end":{"line":14,"column":83}},"type":"binary-expr","locations":[{"start":{"line":13,"column":7},"end":{"line":13,"column":15}},{"start":{"line":13,"column":19},"end":{"line":13,"column":67}},{"start":{"line":14,"column":7},"end":{"line":14,"column":18}},{"start":{"line":14,"column":22},"end":{"line":14,"column":82}}],"line":13},"2":{"loc":{"start":{"line":21,"column":2},"end":{"line":26,"column":3}},"type":"if","locations":[{"start":{"line":21,"column":2},"end":{"line":26,"column":3}},{"start":{},"end":{}}],"line":21},"3":{"loc":{"start":{"line":22,"column":4},"end":{"line":23,"column":87}},"type":"binary-expr","locations":[{"start":{"line":22,"column":5},"end":{"line":22,"column":13}},{"start":{"line":22,"column":17},"end":{"line":22,"column":55}},{"start":{"line":23,"column":5},"end":{"line":23,"column":16}},{"start":{"line":23,"column":20},"end":{"line":23,"column":36}},{"start":{"line":23,"column":40},"end":{"line":23,"column":86}}],"line":22}},"s":{"0":0,"1":0,"2":0,"3":0,"4":0,"5":0,"6":0,"7":0,"8":0},"f":{"0":0,"1":0},"b":{"0":[0,0],"1":[0,0,0,0],"2":[0,0],"3":[0,0,0,0,0]}}
,"D:\\Cons-IMS\\frontend-clean\\src\\components\\DocumentControl.jsx": {"path":"D:\\Cons-IMS\\frontend-clean\\src\\components\\DocumentControl.jsx","statementMap":{"0":{"start":{"line":8,"column":23},"end":{"line":8,"column":32}},"1":{"start":{"line":9,"column":24},"end":{"line":9,"column":40}},"2":{"start":{"line":10,"column":26},"end":{"line":13,"column":4}},"3":{"start":{"line":14,"column":34},"end":{"line":14,"column":48}},"4":{"start":{"line":15,"column":28},"end":{"line":15,"column":40}},"5":{"start":{"line":18,"column":4},"end":{"line":21,"column":5}},"6":{"start":{"line":19,"column":6},"end":{"line":19,"column":63}},"7":{"start":{"line":20,"column":6},"end":{"line":20,"column":13}},"8":{"start":{"line":22,"column":4},"end":{"line":22,"column":19}},"9":{"start":{"line":23,"column":4},"end":{"line":23,"column":17}},"10":{"start":{"line":26,"column":4},"end":{"line":32,"column":5}},"11":{"start":{"line":27,"column":6},"end":{"line":27,"column":58}},"12":{"start":{"line":28,"column":6},"end":{"line":28,"column":21}},"13":{"start":{"line":29,"column":6},"end":{"line":29,"column":19}},"14":{"start":{"line":31,"column":6},"end":{"line":31,"column":43}},"15":{"start":{"line":35,"column":4},"end":{"line":35,"column":19}},"16":{"start":{"line":36,"column":4},"end":{"line":36,"column":17}},"17":{"start":{"line":39,"column":4},"end":{"line":39,"column":21}},"18":{"start":{"line":40,"column":4},"end":{"line":40,"column":19}},"19":{"start":{"line":43,"column":4},"end":{"line":43,"column":22}},"20":{"start":{"line":44,"column":4},"end":{"line":44,"column":19}},"21":{"start":{"line":47,"column":2},"end":{"line":64,"column":4}},"22":{"start":{"line":52,"column":170},"end":{"line":52,"column":184}}},"fnMap":{"0":{"name":"DocumentControl","decl":{"start":{"line":7,"column":24},"end":{"line":7,"column":39}},"loc":{"start":{"line":7,"column":42},"end":{"line":65,"column":1}},"line":7},"1":{"name":"handleAdd","decl":{"start":{"line":17,"column":11},"end":{"line":17,"column":20}},"loc":{"start":{"line":17,"column":23},"end":{"line":24,"column":3}},"line":17},"2":{"name":"handleSave","decl":{"start":{"line":25,"column":11},"end":{"line":25,"column":21}},"loc":{"start":{"line":25,"column":27},"end":{"line":33,"column":3}},"line":25},"3":{"name":"handleCancel","decl":{"start":{"line":34,"column":11},"end":{"line":34,"column":23}},"loc":{"start":{"line":34,"column":26},"end":{"line":37,"column":3}},"line":34},"4":{"name":"handleView","decl":{"start":{"line":38,"column":11},"end":{"line":38,"column":21}},"loc":{"start":{"line":38,"column":27},"end":{"line":41,"column":3}},"line":38},"5":{"name":"handleBack","decl":{"start":{"line":42,"column":11},"end":{"line":42,"column":21}},"loc":{"start":{"line":42,"column":24},"end":{"line":45,"column":3}},"line":42},"6":{"name":"(anonymous_6)","decl":{"start":{"line":52,"column":164},"end":{"line":52,"column":165}},"loc":{"start":{"line":52,"column":170},"end":{"line":52,"column":184}},"line":52}},"branchMap":{"0":{"loc":{"start":{"line":18,"column":4},"end":{"line":21,"column":5}},"type":"if","locations":[{"start":{"line":18,"column":4},"end":{"line":21,"column":5}},{"start":{},"end":{}}],"line":18},"1":{"loc":{"start":{"line":18,"column":8},"end":{"line":18,"column":49}},"type":"binary-expr","locations":[{"start":{"line":18,"column":8},"end":{"line":18,"column":28}},{"start":{"line":18,"column":32},"end":{"line":18,"column":49}}],"line":18},"2":{"loc":{"start":{"line":50,"column":7},"end":{"line":50,"column":64}},"type":"binary-expr","locations":[{"start":{"line":50,"column":7},"end":{"line":50,"column":12}},{"start":{"line":50,"column":16},"end":{"line":50,"column":64}}],"line":50},"3":{"loc":{"start":{"line":52,"column":79},"end":{"line":52,"column":151}},"type":"cond-expr","locations":[{"start":{"line":52,"column":96},"end":{"line":52,"column":120}},{"start":{"line":52,"column":123},"end":{"line":52,"column":151}}],"line":52},"4":{"loc":{"start":{"line":53,"column":9},"end":{"line":55,"column":9}},"type":"binary-expr","locations":[{"start":{"line":53,"column":10},"end":{"line":53,"column":30}},{"start":{"line":53,"column":34},"end":{"line":53,"column":51}},{"start":{"line":54,"column":10},"end":{"line":54,"column":202}}],"line":53},"5":{"loc":{"start":{"line":54,"column":81},"end":{"line":54,"column":155}},"type":"cond-expr","locations":[{"start":{"line":54,"column":98},"end":{"line":54,"column":123}},{"start":{"line":54,"column":126},"end":{"line":54,"column":155}}],"line":54},"6":{"loc":{"start":{"line":58,"column":9},"end":{"line":58,"column":81}},"type":"binary-expr","locations":[{"start":{"line":58,"column":9},"end":{"line":58,"column":23}},{"start":{"line":58,"column":27},"end":{"line":58,"column":81}}],"line":58},"7":{"loc":{"start":{"line":59,"column":9},"end":{"line":59,"column":134}},"type":"binary-expr","locations":[{"start":{"line":59,"column":9},"end":{"line":59,"column":23}},{"start":{"line":59,"column":28},"end":{"line":59,"column":48}},{"start":{"line":59,"column":52},"end":{"line":59,"column":69}},{"start":{"line":59,"column":74},"end":{"line":59,"column":134}}],"line":59},"8":{"loc":{"start":{"line":60,"column":9},"end":{"line":60,"column":152}},"type":"binary-expr","locations":[{"start":{"line":60,"column":9},"end":{"line":60,"column":23}},{"start":{"line":60,"column":27},"end":{"line":60,"column":47}},{"start":{"line":60,"column":51},"end":{"line":60,"column":68}},{"start":{"line":60,"column":72},"end":{"line":60,"column":152}}],"line":60},"9":{"loc":{"start":{"line":61,"column":9},"end":{"line":61,"column":78}},"type":"binary-expr","locations":[{"start":{"line":61,"column":9},"end":{"line":61,"column":23}},{"start":{"line":61,"column":27},"end":{"line":61,"column":78}}],"line":61}},"s":{"0":1,"1":1,"2":1,"3":1,"4":1,"5":0,"6":0,"7":0,"8":0,"9":0,"10":0,"11":0,"12":0,"13":0,"14":0,"15":0,"16":0,"17":0,"18":0,"19":0,"20":0,"21":1,"22":0},"f":{"0":1,"1":0,"2":0,"3":0,"4":0,"5":0,"6":0},"b":{"0":[0,0],"1":[0,0],"2":[1,0],"3":[1,0],"4":[1,1,0],"5":[0,0],"6":[1,1],"7":[1,0,0,0],"8":[1,0,0,0],"9":[1,0]},"_coverageSchema":"1a1c01bbd47fc00a2c39e90264f33305004495a9","hash":"1b2becc21eb912502cb2cc5d5e9048487a1ebc3f"}
,"D:\\Cons-IMS\\frontend-clean\\src\\components\\ErrorBoundary.jsx": {"path":"D:\\Cons-IMS\\frontend-clean\\src\\components\\ErrorBoundary.jsx","statementMap":{"0":{"start":{"line":6,"column":4},"end":{"line":6,"column":17}},"1":{"start":{"line":7,"column":4},"end":{"line":7,"column":50}},"2":{"start":{"line":11,"column":4},"end":{"line":11,"column":37}},"3":{"start":{"line":21,"column":4},"end":{"line":28,"column":5}},"4":{"start":{"line":22,"column":6},"end":{"line":27,"column":8}},"5":{"start":{"line":29,"column":4},"end":{"line":29,"column":31}}},"fnMap":{"0":{"name":"(anonymous_0)","decl":{"start":{"line":5,"column":2},"end":{"line":5,"column":3}},"loc":{"start":{"line":5,"column":21},"end":{"line":8,"column":3}},"line":5},"1":{"name":"(anonymous_1)","decl":{"start":{"line":10,"column":2},"end":{"line":10,"column":3}},"loc":{"start":{"line":10,"column":41},"end":{"line":12,"column":3}},"line":10},"2":{"name":"(anonymous_2)","decl":{"start":{"line":15,"column":2},"end":{"line":15,"column":3}},"loc":{"start":{"line":15,"column":38},"end":{"line":18,"column":3}},"line":15},"3":{"name":"(anonymous_3)","decl":{"start":{"line":20,"column":2},"end":{"line":20,"column":3}},"loc":{"start":{"line":20,"column":11},"end":{"line":30,"column":3}},"line":20}},"branchMap":{"0":{"loc":{"start":{"line":21,"column":4},"end":{"line":28,"column":5}},"type":"if","locations":[{"start":{"line":21,"column":4},"end":{"line":28,"column":5}},{"start":{},"end":{}}],"line":21},"1":{"loc":{"start":{"line":25,"column":11},"end":{"line":25,"column":58}},"type":"binary-expr","locations":[{"start":{"line":25,"column":11},"end":{"line":25,"column":27}},{"start":{"line":25,"column":31},"end":{"line":25,"column":58}}],"line":25}},"s":{"0":16,"1":16,"2":18,"3":22,"4":6,"5":16},"f":{"0":16,"1":18,"2":9,"3":22},"b":{"0":[6,16],"1":[6,6]},"_coverageSchema":"1a1c01bbd47fc00a2c39e90264f33305004495a9","hash":"9fcd0ad42e9bf0de03c799214b3f0e4b2cb0dd6d"}
,"D:\\Cons-IMS\\frontend-clean\\src\\components\\ForgotPassword.jsx": {"path":"D:\\Cons-IMS\\frontend-clean\\src\\components\\ForgotPassword.jsx","statementMap":{"0":{"start":{"line":6,"column":23},"end":{"line":175,"column":1}},"1":{"start":{"line":7,"column":28},"end":{"line":7,"column":40}},"2":{"start":{"line":8,"column":38},"end":{"line":8,"column":50}},"3":{"start":{"line":9,"column":32},"end":{"line":9,"column":44}},"4":{"start":{"line":10,"column":40},"end":{"line":10,"column":55}},"5":{"start":{"line":12,"column":38},"end":{"line":12,"column":47}},"6":{"start":{"line":14,"column":23},"end":{"line":17,"column":3}},"7":{"start":{"line":15,"column":4},"end":{"line":15,"column":29}},"8":{"start":{"line":16,"column":4},"end":{"line":16,"column":38}},"9":{"start":{"line":16,"column":20},"end":{"line":16,"column":38}},"10":{"start":{"line":19,"column":23},"end":{"line":48,"column":3}},"11":{"start":{"line":20,"column":4},"end":{"line":20,"column":23}},"12":{"start":{"line":21,"column":4},"end":{"line":21,"column":22}},"13":{"start":{"line":22,"column":4},"end":{"line":22,"column":19}},"14":{"start":{"line":25,"column":4},"end":{"line":28,"column":5}},"15":{"start":{"line":26,"column":6},"end":{"line":26,"column":55}},"16":{"start":{"line":27,"column":6},"end":{"line":27,"column":13}},"17":{"start":{"line":30,"column":23},"end":{"line":30,"column":51}},"18":{"start":{"line":31,"column":4},"end":{"line":34,"column":5}},"19":{"start":{"line":32,"column":6},"end":{"line":32,"column":58}},"20":{"start":{"line":33,"column":6},"end":{"line":33,"column":13}},"21":{"start":{"line":36,"column":4},"end":{"line":47,"column":5}},"22":{"start":{"line":37,"column":21},"end":{"line":37,"column":48}},"23":{"start":{"line":39,"column":6},"end":{"line":44,"column":7}},"24":{"start":{"line":40,"column":8},"end":{"line":40,"column":98}},"25":{"start":{"line":41,"column":8},"end":{"line":41,"column":29}},"26":{"start":{"line":43,"column":8},"end":{"line":43,"column":70}},"27":{"start":{"line":46,"column":6},"end":{"line":46,"column":71}},"28":{"start":{"line":50,"column":2},"end":{"line":92,"column":3}},"29":{"start":{"line":51,"column":4},"end":{"line":91,"column":6}},"30":{"start":{"line":72,"column":18},"end":{"line":72,"column":40}},"31":{"start":{"line":73,"column":18},"end":{"line":73,"column":33}},"32":{"start":{"line":74,"column":18},"end":{"line":74,"column":31}},"33":{"start":{"line":94,"column":2},"end":{"line":174,"column":4}}},"fnMap":{"0":{"name":"(anonymous_0)","decl":{"start":{"line":6,"column":23},"end":{"line":6,"column":24}},"loc":{"start":{"line":6,"column":29},"end":{"line":175,"column":1}},"line":6},"1":{"name":"(anonymous_1)","decl":{"start":{"line":14,"column":23},"end":{"line":14,"column":24}},"loc":{"start":{"line":14,"column":30},"end":{"line":17,"column":3}},"line":14},"2":{"name":"(anonymous_2)","decl":{"start":{"line":19,"column":23},"end":{"line":19,"column":24}},"loc":{"start":{"line":19,"column":36},"end":{"line":48,"column":3}},"line":19},"3":{"name":"(anonymous_3)","decl":{"start":{"line":71,"column":25},"end":{"line":71,"column":26}},"loc":{"start":{"line":71,"column":31},"end":{"line":75,"column":17}},"line":71}},"branchMap":{"0":{"loc":{"start":{"line":16,"column":4},"end":{"line":16,"column":38}},"type":"if","locations":[{"start":{"line":16,"column":4},"end":{"line":16,"column":38}},{"start":{},"end":{}}],"line":16},"1":{"loc":{"start":{"line":25,"column":4},"end":{"line":28,"column":5}},"type":"if","locations":[{"start":{"line":25,"column":4},"end":{"line":28,"column":5}},{"start":{},"end":{}}],"line":25},"2":{"loc":{"start":{"line":31,"column":4},"end":{"line":34,"column":5}},"type":"if","locations":[{"start":{"line":31,"column":4},"end":{"line":34,"column":5}},{"start":{},"end":{}}],"line":31},"3":{"loc":{"start":{"line":39,"column":6},"end":{"line":44,"column":7}},"type":"if","locations":[{"start":{"line":39,"column":6},"end":{"line":44,"column":7}},{"start":{"line":42,"column":13},"end":{"line":44,"column":7}}],"line":39},"4":{"loc":{"start":{"line":40,"column":19},"end":{"line":40,"column":96}},"type":"binary-expr","locations":[{"start":{"line":40,"column":19},"end":{"line":40,"column":33}},{"start":{"line":40,"column":37},"end":{"line":40,"column":96}}],"line":40},"5":{"loc":{"start":{"line":43,"column":22},"end":{"line":43,"column":68}},"type":"binary-expr","locations":[{"start":{"line":43,"column":22},"end":{"line":43,"column":36}},{"start":{"line":43,"column":40},"end":{"line":43,"column":68}}],"line":43},"6":{"loc":{"start":{"line":50,"column":2},"end":{"line":92,"column":3}},"type":"if","locations":[{"start":{"line":50,"column":2},"end":{"line":92,"column":3}},{"start":{},"end":{}}],"line":50},"7":{"loc":{"start":{"line":114,"column":11},"end":{"line":119,"column":11}},"type":"binary-expr","locations":[{"start":{"line":114,"column":11},"end":{"line":114,"column":21}},{"start":{"line":115,"column":12},"end":{"line":118,"column":18}}],"line":114},"8":{"loc":{"start":{"line":121,"column":11},"end":{"line":126,"column":11}},"type":"binary-expr","locations":[{"start":{"line":121,"column":11},"end":{"line":121,"column":18}},{"start":{"line":122,"column":12},"end":{"line":125,"column":18}}],"line":121},"9":{"loc":{"start":{"line":152,"column":15},"end":{"line":159,"column":15}},"type":"cond-expr","locations":[{"start":{"line":153,"column":16},"end":{"line":156,"column":19}},{"start":{"line":158,"column":16},"end":{"line":158,"column":52}}],"line":152}},"s":{"0":1,"1":1,"2":1,"3":1,"4":1,"5":1,"6":1,"7":0,"8":0,"9":0,"10":1,"11":0,"12":0,"13":0,"14":0,"15":0,"16":0,"17":0,"18":0,"19":0,"20":0,"21":0,"22":0,"23":0,"24":0,"25":0,"26":0,"27":0,"28":1,"29":0,"30":0,"31":0,"32":0,"33":1},"f":{"0":1,"1":0,"2":0,"3":0},"b":{"0":[0,0],"1":[0,0],"2":[0,0],"3":[0,0],"4":[0,0],"5":[0,0],"6":[0,1],"7":[1,0],"8":[1,0],"9":[0,1]},"_coverageSchema":"1a1c01bbd47fc00a2c39e90264f33305004495a9","hash":"7967c2c14c69127cb21993806270772c2b621042"}
,"D:\\Cons-IMS\\frontend-clean\\src\\components\\HSEReports.jsx": {"path":"D:\\Cons-IMS\\frontend-clean\\src\\components\\HSEReports.jsx","statementMap":{"0":{"start":{"line":8,"column":23},"end":{"line":8,"column":32}},"1":{"start":{"line":9,"column":24},"end":{"line":9,"column":48}},"2":{"start":{"line":10,"column":34},"end":{"line":10,"column":49}},"3":{"start":{"line":11,"column":28},"end":{"line":11,"column":40}},"4":{"start":{"line":14,"column":4},"end":{"line":17,"column":5}},"5":{"start":{"line":15,"column":6},"end":{"line":15,"column":63}},"6":{"start":{"line":16,"column":6},"end":{"line":16,"column":13}},"7":{"start":{"line":18,"column":4},"end":{"line":18,"column":22}},"8":{"start":{"line":19,"column":4},"end":{"line":19,"column":19}},"9":{"start":{"line":22,"column":4},"end":{"line":22,"column":23}},"10":{"start":{"line":23,"column":4},"end":{"line":23,"column":27}},"11":{"start":{"line":24,"column":4},"end":{"line":24,"column":17}},"12":{"start":{"line":27,"column":4},"end":{"line":27,"column":23}},"13":{"start":{"line":28,"column":4},"end":{"line":28,"column":27}},"14":{"start":{"line":29,"column":4},"end":{"line":29,"column":17}},"15":{"start":{"line":32,"column":2},"end":{"line":50,"column":4}},"16":{"start":{"line":37,"column":178},"end":{"line":37,"column":200}},"17":{"start":{"line":38,"column":177},"end":{"line":38,"column":194}}},"fnMap":{"0":{"name":"HSEReports","decl":{"start":{"line":7,"column":24},"end":{"line":7,"column":34}},"loc":{"start":{"line":7,"column":37},"end":{"line":51,"column":1}},"line":7},"1":{"name":"handleAddObservation","decl":{"start":{"line":13,"column":11},"end":{"line":13,"column":31}},"loc":{"start":{"line":13,"column":34},"end":{"line":20,"column":3}},"line":13},"2":{"name":"handleSaveObservation","decl":{"start":{"line":21,"column":11},"end":{"line":21,"column":32}},"loc":{"start":{"line":21,"column":35},"end":{"line":25,"column":3}},"line":21},"3":{"name":"handleCancelForm","decl":{"start":{"line":26,"column":11},"end":{"line":26,"column":27}},"loc":{"start":{"line":26,"column":30},"end":{"line":30,"column":3}},"line":26},"4":{"name":"(anonymous_4)","decl":{"start":{"line":37,"column":172},"end":{"line":37,"column":173}},"loc":{"start":{"line":37,"column":178},"end":{"line":37,"column":200}},"line":37},"5":{"name":"(anonymous_5)","decl":{"start":{"line":38,"column":171},"end":{"line":38,"column":172}},"loc":{"start":{"line":38,"column":177},"end":{"line":38,"column":194}},"line":38}},"branchMap":{"0":{"loc":{"start":{"line":14,"column":4},"end":{"line":17,"column":5}},"type":"if","locations":[{"start":{"line":14,"column":4},"end":{"line":17,"column":5}},{"start":{},"end":{}}],"line":14},"1":{"loc":{"start":{"line":35,"column":7},"end":{"line":35,"column":64}},"type":"binary-expr","locations":[{"start":{"line":35,"column":7},"end":{"line":35,"column":12}},{"start":{"line":35,"column":16},"end":{"line":35,"column":64}}],"line":35},"2":{"loc":{"start":{"line":37,"column":79},"end":{"line":37,"column":159}},"type":"cond-expr","locations":[{"start":{"line":37,"column":104},"end":{"line":37,"column":128}},{"start":{"line":37,"column":131},"end":{"line":37,"column":159}}],"line":37},"3":{"loc":{"start":{"line":38,"column":79},"end":{"line":38,"column":158}},"type":"cond-expr","locations":[{"start":{"line":38,"column":99},"end":{"line":38,"column":125}},{"start":{"line":38,"column":128},"end":{"line":38,"column":158}}],"line":38},"4":{"loc":{"start":{"line":39,"column":9},"end":{"line":41,"column":9}},"type":"binary-expr","locations":[{"start":{"line":39,"column":10},"end":{"line":39,"column":31}},{"start":{"line":40,"column":10},"end":{"line":40,"column":223}}],"line":39},"5":{"loc":{"start":{"line":40,"column":81},"end":{"line":40,"column":155}},"type":"cond-expr","locations":[{"start":{"line":40,"column":98},"end":{"line":40,"column":123}},{"start":{"line":40,"column":126},"end":{"line":40,"column":155}}],"line":40},"6":{"loc":{"start":{"line":44,"column":9},"end":{"line":44,"column":102}},"type":"binary-expr","locations":[{"start":{"line":44,"column":9},"end":{"line":44,"column":31}},{"start":{"line":44,"column":35},"end":{"line":44,"column":102}}],"line":44},"7":{"loc":{"start":{"line":45,"column":9},"end":{"line":45,"column":68}},"type":"binary-expr","locations":[{"start":{"line":45,"column":9},"end":{"line":45,"column":26}},{"start":{"line":45,"column":30},"end":{"line":45,"column":68}}],"line":45},"8":{"loc":{"start":{"line":46,"column":9},"end":{"line":46,"column":140}},"type":"binary-expr","locations":[{"start":{"line":46,"column":9},"end":{"line":46,"column":23}},{"start":{"line":46,"column":27},"end":{"line":46,"column":35}},{"start":{"line":46,"column":39},"end":{"line":46,"column":140}}],"line":46}},"s":{"0":0,"1":0,"2":0,"3":0,"4":0,"5":0,"6":0,"7":0,"8":0,"9":0,"10":0,"11":0,"12":0,"13":0,"14":0,"15":0,"16":0,"17":0},"f":{"0":0,"1":0,"2":0,"3":0,"4":0,"5":0},"b":{"0":[0,0],"1":[0,0],"2":[0,0],"3":[0,0],"4":[0,0],"5":[0,0],"6":[0,0],"7":[0,0],"8":[0,0,0]}}
,"D:\\Cons-IMS\\frontend-clean\\src\\components\\LandingPage.jsx": {"path":"D:\\Cons-IMS\\frontend-clean\\src\\components\\LandingPage.jsx","statementMap":{"0":{"start":{"line":5,"column":2},"end":{"line":17,"column":4}},"1":{"start":{"line":21,"column":2},"end":{"line":28,"column":4}}},"fnMap":{"0":{"name":"Navbar","decl":{"start":{"line":4,"column":9},"end":{"line":4,"column":15}},"loc":{"start":{"line":4,"column":18},"end":{"line":18,"column":1}},"line":4},"1":{"name":"HeroSection","decl":{"start":{"line":20,"column":9},"end":{"line":20,"column":20}},"loc":{"start":{"line":20,"column":23},"end":{"line":29,"column":1}},"line":20}},"branchMap":{},"s":{"0":0,"1":0},"f":{"0":0,"1":0},"b":{}}
,"D:\\Cons-IMS\\frontend-clean\\src\\components\\LegacyDashboard.jsx": {"path":"D:\\Cons-IMS\\frontend-clean\\src\\components\\LegacyDashboard.jsx","statementMap":{},"fnMap":{},"branchMap":{},"s":{},"f":{},"b":{}}
,"D:\\Cons-IMS\\frontend-clean\\src\\components\\Login.jsx": {"path":"D:\\Cons-IMS\\frontend-clean\\src\\components\\Login.jsx","statementMap":{"0":{"start":{"line":10,"column":14},"end":{"line":286,"column":1}},"1":{"start":{"line":11,"column":34},"end":{"line":11,"column":90}},"2":{"start":{"line":12,"column":42},"end":{"line":12,"column":57}},"3":{"start":{"line":13,"column":36},"end":{"line":13,"column":51}},"4":{"start":{"line":14,"column":28},"end":{"line":14,"column":40}},"5":{"start":{"line":15,"column":32},"end":{"line":15,"column":44}},"6":{"start":{"line":16,"column":19},"end":{"line":16,"column":32}},"7":{"start":{"line":17,"column":20},"end":{"line":17,"column":29}},"8":{"start":{"line":18,"column":42},"end":{"line":18,"column":54}},"9":{"start":{"line":19,"column":42},"end":{"line":19,"column":57}},"10":{"start":{"line":21,"column":26},"end":{"line":26,"column":3}},"11":{"start":{"line":28,"column":23},"end":{"line":32,"column":3}},"12":{"start":{"line":29,"column":43},"end":{"line":29,"column":51}},"13":{"start":{"line":30,"column":4},"end":{"line":30,"column":86}},"14":{"start":{"line":30,"column":25},"end":{"line":30,"column":83}},"15":{"start":{"line":31,"column":4},"end":{"line":31,"column":28}},"16":{"start":{"line":31,"column":15},"end":{"line":31,"column":28}},"17":{"start":{"line":34,"column":23},"end":{"line":67,"column":3}},"18":{"start":{"line":35,"column":4},"end":{"line":35,"column":23}},"19":{"start":{"line":36,"column":4},"end":{"line":36,"column":23}},"20":{"start":{"line":37,"column":4},"end":{"line":37,"column":17}},"21":{"start":{"line":38,"column":4},"end":{"line":66,"column":5}},"22":{"start":{"line":39,"column":6},"end":{"line":39,"column":103}},"23":{"start":{"line":39,"column":49},"end":{"line":39,"column":103}},"24":{"start":{"line":40,"column":25},"end":{"line":40,"column":53}},"25":{"start":{"line":41,"column":6},"end":{"line":41,"column":98}},"26":{"start":{"line":41,"column":44},"end":{"line":41,"column":98}},"27":{"start":{"line":43,"column":21},"end":{"line":43,"column":67}},"28":{"start":{"line":44,"column":6},"end":{"line":60,"column":7}},"29":{"start":{"line":45,"column":8},"end":{"line":45,"column":55}},"30":{"start":{"line":46,"column":8},"end":{"line":56,"column":16}},"31":{"start":{"line":48,"column":10},"end":{"line":55,"column":11}},"32":{"start":{"line":52,"column":12},"end":{"line":52,"column":38}},"33":{"start":{"line":54,"column":12},"end":{"line":54,"column":35}},"34":{"start":{"line":58,"column":8},"end":{"line":58,"column":51}},"35":{"start":{"line":59,"column":8},"end":{"line":59,"column":23}},"36":{"start":{"line":62,"column":6},"end":{"line":62,"column":77}},"37":{"start":{"line":63,"column":6},"end":{"line":63,"column":21}},"38":{"start":{"line":65,"column":6},"end":{"line":65,"column":26}},"39":{"start":{"line":70,"column":30},"end":{"line":101,"column":3}},"40":{"start":{"line":71,"column":4},"end":{"line":71,"column":56}},"41":{"start":{"line":71,"column":25},"end":{"line":71,"column":53}},"42":{"start":{"line":72,"column":4},"end":{"line":72,"column":17}},"43":{"start":{"line":73,"column":4},"end":{"line":73,"column":19}},"44":{"start":{"line":74,"column":4},"end":{"line":74,"column":23}},"45":{"start":{"line":75,"column":4},"end":{"line":100,"column":5}},"46":{"start":{"line":76,"column":21},"end":{"line":76,"column":49}},"47":{"start":{"line":77,"column":6},"end":{"line":95,"column":7}},"48":{"start":{"line":78,"column":8},"end":{"line":78,"column":60}},"49":{"start":{"line":79,"column":8},"end":{"line":79,"column":28}},"50":{"start":{"line":80,"column":8},"end":{"line":90,"column":16}},"51":{"start":{"line":82,"column":10},"end":{"line":89,"column":11}},"52":{"start":{"line":86,"column":12},"end":{"line":86,"column":38}},"53":{"start":{"line":88,"column":12},"end":{"line":88,"column":35}},"54":{"start":{"line":92,"column":8},"end":{"line":92,"column":56}},"55":{"start":{"line":93,"column":8},"end":{"line":93,"column":23}},"56":{"start":{"line":94,"column":8},"end":{"line":94,"column":28}},"57":{"start":{"line":97,"column":6},"end":{"line":97,"column":82}},"58":{"start":{"line":98,"column":6},"end":{"line":98,"column":21}},"59":{"start":{"line":99,"column":6},"end":{"line":99,"column":26}},"60":{"start":{"line":103,"column":2},"end":{"line":285,"column":4}},"61":{"start":{"line":187,"column":35},"end":{"line":187,"column":65}},"62":{"start":{"line":225,"column":35},"end":{"line":225,"column":59}},"63":{"start":{"line":225,"column":56},"end":{"line":225,"column":58}},"64":{"start":{"line":229,"column":37},"end":{"line":229,"column":87}},"65":{"start":{"line":229,"column":63},"end":{"line":229,"column":86}},"66":{"start":{"line":230,"column":24},"end":{"line":233,"column":25}},"67":{"start":{"line":231,"column":39},"end":{"line":231,"column":48}},"68":{"start":{"line":232,"column":26},"end":{"line":232,"column":76}},"69":{"start":{"line":234,"column":24},"end":{"line":234,"column":36}},"70":{"start":{"line":243,"column":37},"end":{"line":243,"column":46}},"71":{"start":{"line":244,"column":24},"end":{"line":259,"column":26}},"72":{"start":{"line":250,"column":30},"end":{"line":250,"column":57}},"73":{"start":{"line":251,"column":30},"end":{"line":251,"column":53}},"74":{"start":{"line":252,"column":30},"end":{"line":252,"column":109}},"75":{"start":{"line":269,"column":33},"end":{"line":269,"column":83}},"76":{"start":{"line":269,"column":59},"end":{"line":269,"column":82}},"77":{"start":{"line":270,"column":20},"end":{"line":270,"column":77}},"78":{"start":{"line":270,"column":30},"end":{"line":270,"column":77}}},"fnMap":{"0":{"name":"(anonymous_0)","decl":{"start":{"line":10,"column":14},"end":{"line":10,"column":15}},"loc":{"start":{"line":10,"column":20},"end":{"line":286,"column":1}},"line":10},"1":{"name":"(anonymous_1)","decl":{"start":{"line":28,"column":23},"end":{"line":28,"column":24}},"loc":{"start":{"line":28,"column":30},"end":{"line":32,"column":3}},"line":28},"2":{"name":"(anonymous_2)","decl":{"start":{"line":30,"column":16},"end":{"line":30,"column":17}},"loc":{"start":{"line":30,"column":25},"end":{"line":30,"column":83}},"line":30},"3":{"name":"(anonymous_3)","decl":{"start":{"line":34,"column":23},"end":{"line":34,"column":24}},"loc":{"start":{"line":34,"column":36},"end":{"line":67,"column":3}},"line":34},"4":{"name":"(anonymous_4)","decl":{"start":{"line":46,"column":19},"end":{"line":46,"column":20}},"loc":{"start":{"line":46,"column":25},"end":{"line":56,"column":9}},"line":46},"5":{"name":"(anonymous_5)","decl":{"start":{"line":70,"column":30},"end":{"line":70,"column":31}},"loc":{"start":{"line":70,"column":57},"end":{"line":101,"column":3}},"line":70},"6":{"name":"(anonymous_6)","decl":{"start":{"line":71,"column":16},"end":{"line":71,"column":17}},"loc":{"start":{"line":71,"column":25},"end":{"line":71,"column":53}},"line":71},"7":{"name":"(anonymous_7)","decl":{"start":{"line":80,"column":19},"end":{"line":80,"column":20}},"loc":{"start":{"line":80,"column":25},"end":{"line":90,"column":9}},"line":80},"8":{"name":"(anonymous_8)","decl":{"start":{"line":187,"column":29},"end":{"line":187,"column":30}},"loc":{"start":{"line":187,"column":35},"end":{"line":187,"column":65}},"line":187},"9":{"name":"(anonymous_9)","decl":{"start":{"line":225,"column":29},"end":{"line":225,"column":30}},"loc":{"start":{"line":225,"column":35},"end":{"line":225,"column":59}},"line":225},"10":{"name":"(anonymous_10)","decl":{"start":{"line":225,"column":51},"end":{"line":225,"column":52}},"loc":{"start":{"line":225,"column":56},"end":{"line":225,"column":58}},"line":225},"11":{"name":"(anonymous_11)","decl":{"start":{"line":228,"column":40},"end":{"line":228,"column":41}},"loc":{"start":{"line":228,"column":46},"end":{"line":235,"column":23}},"line":228},"12":{"name":"(anonymous_12)","decl":{"start":{"line":229,"column":58},"end":{"line":229,"column":59}},"loc":{"start":{"line":229,"column":63},"end":{"line":229,"column":86}},"line":229},"13":{"name":"(anonymous_13)","decl":{"start":{"line":242,"column":43},"end":{"line":242,"column":44}},"loc":{"start":{"line":242,"column":58},"end":{"line":260,"column":23}},"line":242},"14":{"name":"(anonymous_14)","decl":{"start":{"line":249,"column":37},"end":{"line":249,"column":38}},"loc":{"start":{"line":249,"column":43},"end":{"line":253,"column":29}},"line":249},"15":{"name":"(anonymous_15)","decl":{"start":{"line":268,"column":27},"end":{"line":268,"column":28}},"loc":{"start":{"line":268,"column":33},"end":{"line":271,"column":19}},"line":268},"16":{"name":"(anonymous_16)","decl":{"start":{"line":269,"column":54},"end":{"line":269,"column":55}},"loc":{"start":{"line":269,"column":59},"end":{"line":269,"column":82}},"line":269}},"branchMap":{"0":{"loc":{"start":{"line":30,"column":44},"end":{"line":30,"column":81}},"type":"cond-expr","locations":[{"start":{"line":30,"column":66},"end":{"line":30,"column":73}},{"start":{"line":30,"column":76},"end":{"line":30,"column":81}}],"line":30},"1":{"loc":{"start":{"line":31,"column":4},"end":{"line":31,"column":28}},"type":"if","locations":[{"start":{"line":31,"column":4},"end":{"line":31,"column":28}},{"start":{},"end":{}}],"line":31},"2":{"loc":{"start":{"line":39,"column":6},"end":{"line":39,"column":103}},"type":"if","locations":[{"start":{"line":39,"column":6},"end":{"line":39,"column":103}},{"start":{},"end":{}}],"line":39},"3":{"loc":{"start":{"line":39,"column":10},"end":{"line":39,"column":47}},"type":"binary-expr","locations":[{"start":{"line":39,"column":10},"end":{"line":39,"column":25}},{"start":{"line":39,"column":29},"end":{"line":39,"column":47}}],"line":39},"4":{"loc":{"start":{"line":41,"column":6},"end":{"line":41,"column":98}},"type":"if","locations":[{"start":{"line":41,"column":6},"end":{"line":41,"column":98}},{"start":{},"end":{}}],"line":41},"5":{"loc":{"start":{"line":44,"column":6},"end":{"line":60,"column":7}},"type":"if","locations":[{"start":{"line":44,"column":6},"end":{"line":60,"column":7}},{"start":{"line":57,"column":13},"end":{"line":60,"column":7}}],"line":44},"6":{"loc":{"start":{"line":44,"column":10},"end":{"line":44,"column":39}},"type":"binary-expr","locations":[{"start":{"line":44,"column":10},"end":{"line":44,"column":24}},{"start":{"line":44,"column":28},"end":{"line":44,"column":39}}],"line":44},"7":{"loc":{"start":{"line":48,"column":10},"end":{"line":55,"column":11}},"type":"if","locations":[{"start":{"line":48,"column":10},"end":{"line":55,"column":11}},{"start":{"line":53,"column":17},"end":{"line":55,"column":11}}],"line":48},"8":{"loc":{"start":{"line":49,"column":12},"end":{"line":50,"column":64}},"type":"binary-expr","locations":[{"start":{"line":49,"column":12},"end":{"line":49,"column":47}},{"start":{"line":50,"column":12},"end":{"line":50,"column":64}}],"line":49},"9":{"loc":{"start":{"line":58,"column":17},"end":{"line":58,"column":49}},"type":"binary-expr","locations":[{"start":{"line":58,"column":17},"end":{"line":58,"column":31}},{"start":{"line":58,"column":35},"end":{"line":58,"column":49}}],"line":58},"10":{"loc":{"start":{"line":62,"column":15},"end":{"line":62,"column":75}},"type":"binary-expr","locations":[{"start":{"line":62,"column":15},"end":{"line":62,"column":42}},{"start":{"line":62,"column":46},"end":{"line":62,"column":57}},{"start":{"line":62,"column":61},"end":{"line":62,"column":75}}],"line":62},"11":{"loc":{"start":{"line":77,"column":6},"end":{"line":95,"column":7}},"type":"if","locations":[{"start":{"line":77,"column":6},"end":{"line":95,"column":7}},{"start":{"line":91,"column":13},"end":{"line":95,"column":7}}],"line":77},"12":{"loc":{"start":{"line":77,"column":10},"end":{"line":77,"column":39}},"type":"binary-expr","locations":[{"start":{"line":77,"column":10},"end":{"line":77,"column":24}},{"start":{"line":77,"column":28},"end":{"line":77,"column":39}}],"line":77},"13":{"loc":{"start":{"line":82,"column":10},"end":{"line":89,"column":11}},"type":"if","locations":[{"start":{"line":82,"column":10},"end":{"line":89,"column":11}},{"start":{"line":87,"column":17},"end":{"line":89,"column":11}}],"line":82},"14":{"loc":{"start":{"line":83,"column":12},"end":{"line":84,"column":55}},"type":"binary-expr","locations":[{"start":{"line":83,"column":12},"end":{"line":83,"column":47}},{"start":{"line":84,"column":12},"end":{"line":84,"column":55}}],"line":83},"15":{"loc":{"start":{"line":92,"column":17},"end":{"line":92,"column":54}},"type":"binary-expr","locations":[{"start":{"line":92,"column":17},"end":{"line":92,"column":31}},{"start":{"line":92,"column":35},"end":{"line":92,"column":54}}],"line":92},"16":{"loc":{"start":{"line":97,"column":15},"end":{"line
[...]
,"D:\\Cons-IMS\\frontend-clean\\src\\services\\dataBackupService.js": {"path":"D:\\Cons-IMS\\frontend-clean\\src\\services\\dataBackupService.js","statementMap":{"0":{"start":{"line":4,"column":22},"end":{"line":4,"column":50}},"1":{"start":{"line":6,"column":26},"end":{"line":9,"column":1}},"2":{"start":{"line":7,"column":19},"end":{"line":7,"column":47}},"3":{"start":{"line":8,"column":2},"end":{"line":8,"column":79}},"4":{"start":{"line":8,"column":39},"end":{"line":8,"column":76}},"5":{"start":{"line":11,"column":25},"end":{"line":14,"column":1}},"6":{"start":{"line":12,"column":17},"end":{"line":12,"column":50}},"7":{"start":{"line":13,"column":2},"end":{"line":13,"column":36}},"8":{"start":{"line":16,"column":28},"end":{"line":19,"column":1}},"9":{"start":{"line":17,"column":2},"end":{"line":17,"column":48}},"10":{"start":{"line":18,"column":2},"end":{"line":18,"column":25}},"11":{"start":{"line":21,"column":28},"end":{"line":24,"column":1}},"12":{"start":{"line":22,"column":2},"end":{"line":22,"column":42}},"13":{"start":{"line":23,"column":2},"end":{"line":23,"column":16}}},"fnMap":{"0":{"name":"(anonymous_0)","decl":{"start":{"line":6,"column":26},"end":{"line":6,"column":27}},"loc":{"start":{"line":6,"column":38},"end":{"line":9,"column":1}},"line":6},"1":{"name":"(anonymous_1)","decl":{"start":{"line":8,"column":27},"end":{"line":8,"column":28}},"loc":{"start":{"line":8,"column":39},"end":{"line":8,"column":76}},"line":8},"2":{"name":"(anonymous_2)","decl":{"start":{"line":11,"column":25},"end":{"line":11,"column":26}},"loc":{"start":{"line":11,"column":41},"end":{"line":14,"column":1}},"line":11},"3":{"name":"(anonymous_3)","decl":{"start":{"line":16,"column":28},"end":{"line":16,"column":29}},"loc":{"start":{"line":16,"column":48},"end":{"line":19,"column":1}},"line":16},"4":{"name":"(anonymous_4)","decl":{"start":{"line":21,"column":28},"end":{"line":21,"column":29}},"loc":{"start":{"line":21,"column":42},"end":{"line":24,"column":1}},"line":21}},"branchMap":{},"s":{"0":0,"1":0,"2":0,"3":0,"4":0,"5":0,"6":0,"7":0,"8":0,"9":0,"10":0,"11":0,"12":0,"13":0},"f":{"0":0,"1":0,"2":0,"3":0,"4":0},"b":{}}
,"D:\\Cons-IMS\\frontend-clean\\src\\services\\emailService.js": {"path":"D:\\Cons-IMS\\frontend-clean\\src\\services\\emailService.js","statementMap":{"0":{"start":{"line":7,"column":20},"end":{"line":7,"column":65}},"1":{"start":{"line":8,"column":2},"end":{"line":8,"column":47}}},"fnMap":{"0":{"name":"sendApprovalEmail","decl":{"start":{"line":6,"column":22},"end":{"line":6,"column":39}},"loc":{"start":{"line":6,"column":62},"end":{"line":9,"column":1}},"line":6}},"branchMap":{},"s":{"0":0,"1":0},"f":{"0":0},"b":{}}
,"D:\\Cons-IMS\\frontend-clean\\src\\services\\featureFlagsService.js": {"path":"D:\\Cons-IMS\\frontend-clean\\src\\services\\featureFlagsService.js","statementMap":{"0":{"start":{"line":5,"column":24},"end":{"line":5,"column":54}},"1":{"start":{"line":7,"column":31},"end":{"line":10,"column":1}},"2":{"start":{"line":8,"column":19},"end":{"line":8,"column":49}},"3":{"start":{"line":9,"column":2},"end":{"line":9,"column":79}},"4":{"start":{"line":9,"column":39},"end":{"line":9,"column":76}},"5":{"start":{"line":12,"column":30},"end":{"line":15,"column":1}},"6":{"start":{"line":13,"column":17},"end":{"line":13,"column":52}},"7":{"start":{"line":14,"column":2},"end":{"line":14,"column":36}},"8":{"start":{"line":17,"column":33},"end":{"line":20,"column":1}},"9":{"start":{"line":18,"column":2},"end":{"line":18,"column":50}},"10":{"start":{"line":19,"column":2},"end":{"line":19,"column":25}},"11":{"start":{"line":22,"column":33},"end":{"line":25,"column":1}},"12":{"start":{"line":23,"column":2},"end":{"line":23,"column":44}},"13":{"start":{"line":24,"column":2},"end":{"line":24,"column":16}}},"fnMap":{"0":{"name":"(anonymous_0)","decl":{"start":{"line":7,"column":31},"end":{"line":7,"column":32}},"loc":{"start":{"line":7,"column":43},"end":{"line":10,"column":1}},"line":7},"1":{"name":"(anonymous_1)","decl":{"start":{"line":9,"column":27},"end":{"line":9,"column":28}},"loc":{"start":{"line":9,"column":39},"end":{"line":9,"column":76}},"line":9},"2":{"name":"(anonymous_2)","decl":{"start":{"line":12,"column":30},"end":{"line":12,"column":31}},"loc":{"start":{"line":12,"column":46},"end":{"line":15,"column":1}},"line":12},"3":{"name":"(anonymous_3)","decl":{"start":{"line":17,"column":33},"end":{"line":17,"column":34}},"loc":{"start":{"line":17,"column":53},"end":{"line":20,"column":1}},"line":17},"4":{"name":"(anonymous_4)","decl":{"start":{"line":22,"column":33},"end":{"line":22,"column":34}},"loc":{"start":{"line":22,"column":47},"end":{"line":25,"column":1}},"line":22}},"branchMap":{},"s":{"0":0,"1":0,"2":0,"3":0,"4":0,"5":0,"6":0,"7":0,"8":0,"9":0,"10":0,"11":0,"12":0,"13":0},"f":{"0":0,"1":0,"2":0,"3":0,"4":0},"b":{}}
,"D:\\Cons-IMS\\frontend-clean\\src\\services\\licensesService.js": {"path":"D:\\Cons-IMS\\frontend-clean\\src\\services\\licensesService.js","statementMap":{"0":{"start":{"line":5,"column":20},"end":{"line":5,"column":46}},"1":{"start":{"line":7,"column":27},"end":{"line":10,"column":1}},"2":{"start":{"line":8,"column":19},"end":{"line":8,"column":45}},"3":{"start":{"line":9,"column":2},"end":{"line":9,"column":79}},"4":{"start":{"line":9,"column":39},"end":{"line":9,"column":76}},"5":{"start":{"line":12,"column":26},"end":{"line":15,"column":1}},"6":{"start":{"line":13,"column":17},"end":{"line":13,"column":48}},"7":{"start":{"line":14,"column":2},"end":{"line":14,"column":36}},"8":{"start":{"line":17,"column":29},"end":{"line":20,"column":1}},"9":{"start":{"line":18,"column":2},"end":{"line":18,"column":46}},"10":{"start":{"line":19,"column":2},"end":{"line":19,"column":25}},"11":{"start":{"line":22,"column":29},"end":{"line":25,"column":1}},"12":{"start":{"line":23,"column":2},"end":{"line":23,"column":40}},"13":{"start":{"line":24,"column":2},"end":{"line":24,"column":16}}},"fnMap":{"0":{"name":"(anonymous_0)","decl":{"start":{"line":7,"column":27},"end":{"line":7,"column":28}},"loc":{"start":{"line":7,"column":39},"end":{"line":10,"column":1}},"line":7},"1":{"name":"(anonymous_1)","decl":{"start":{"line":9,"column":27},"end":{"line":9,"column":28}},"loc":{"start":{"line":9,"column":39},"end":{"line":9,"column":76}},"line":9},"2":{"name":"(anonymous_2)","decl":{"start":{"line":12,"column":26},"end":{"line":12,"column":27}},"loc":{"start":{"line":12,"column":42},"end":{"line":15,"column":1}},"line":12},"3":{"name":"(anonymous_3)","decl":{"start":{"line":17,"column":29},"end":{"line":17,"column":30}},"loc":{"start":{"line":17,"column":49},"end":{"line":20,"column":1}},"line":17},"4":{"name":"(anonymous_4)","decl":{"start":{"line":22,"column":29},"end":{"line":22,"column":30}},"loc":{"start":{"line":22,"column":43},"end":{"line":25,"column":1}},"line":22}},"branchMap":{},"s":{"0":0,"1":0,"2":0,"3":0,"4":0,"5":0,"6":0,"7":0,"8":0,"9":0,"10":0,"11":0,"12":0,"13":0},"f":{"0":0,"1":0,"2":0,"3":0,"4":0},"b":{}}
,"D:\\Cons-IMS\\frontend-clean\\src\\services\\logoutService.js": {"path":"D:\\Cons-IMS\\frontend-clean\\src\\services\\logoutService.js","statementMap":{"0":{"start":{"line":4,"column":22},"end":{"line":6,"column":1}},"1":{"start":{"line":5,"column":2},"end":{"line":5,"column":22}}},"fnMap":{"0":{"name":"(anonymous_0)","decl":{"start":{"line":4,"column":22},"end":{"line":4,"column":23}},"loc":{"start":{"line":4,"column":34},"end":{"line":6,"column":1}},"line":4}},"branchMap":{},"s":{"0":0,"1":0},"f":{"0":0},"b":{}}
,"D:\\Cons-IMS\\frontend-clean\\src\\services\\monitoringService.js": {"path":"D:\\Cons-IMS\\frontend-clean\\src\\services\\monitoringService.js","statementMap":{"0":{"start":{"line":4,"column":22},"end":{"line":4,"column":50}},"1":{"start":{"line":6,"column":27},"end":{"line":9,"column":1}},"2":{"start":{"line":7,"column":19},"end":{"line":7,"column":47}},"3":{"start":{"line":8,"column":2},"end":{"line":8,"column":79}},"4":{"start":{"line":8,"column":39},"end":{"line":8,"column":76}},"5":{"start":{"line":11,"column":26},"end":{"line":14,"column":1}},"6":{"start":{"line":12,"column":17},"end":{"line":12,"column":50}},"7":{"start":{"line":13,"column":2},"end":{"line":13,"column":36}},"8":{"start":{"line":16,"column":29},"end":{"line":19,"column":1}},"9":{"start":{"line":17,"column":2},"end":{"line":17,"column":48}},"10":{"start":{"line":18,"column":2},"end":{"line":18,"column":25}},"11":{"start":{"line":21,"column":29},"end":{"line":24,"column":1}},"12":{"start":{"line":22,"column":2},"end":{"line":22,"column":42}},"13":{"start":{"line":23,"column":2},"end":{"line":23,"column":16}}},"fnMap":{"0":{"name":"(anonymous_0)","decl":{"start":{"line":6,"column":27},"end":{"line":6,"column":28}},"loc":{"start":{"line":6,"column":39},"end":{"line":9,"column":1}},"line":6},"1":{"name":"(anonymous_1)","decl":{"start":{"line":8,"column":27},"end":{"line":8,"column":28}},"loc":{"start":{"line":8,"column":39},"end":{"line":8,"column":76}},"line":8},"2":{"name":"(anonymous_2)","decl":{"start":{"line":11,"column":26},"end":{"line":11,"column":27}},"loc":{"start":{"line":11,"column":42},"end":{"line":14,"column":1}},"line":11},"3":{"name":"(anonymous_3)","decl":{"start":{"line":16,"column":29},"end":{"line":16,"column":30}},"loc":{"start":{"line":16,"column":49},"end":{"line":19,"column":1}},"line":16},"4":{"name":"(anonymous_4)","decl":{"start":{"line":21,"column":29},"end":{"line":21,"column":30}},"loc":{"start":{"line":21,"column":43},"end":{"line":24,"column":1}},"line":21}},"branchMap":{},"s":{"0":0,"1":0,"2":0,"3":0,"4":0,"5":0,"6":0,"7":0,"8":0,"9":0,"10":0,"11":0,"12":0,"13":0},"f":{"0":0,"1":0,"2":0,"3":0,"4":0},"b":{}}
,"D:\\Cons-IMS\\frontend-clean\\src\\services\\notificationService.js": {"path":"D:\\Cons-IMS\\frontend-clean\\src\\services\\notificationService.js","statementMap":{"0":{"start":{"line":7,"column":2},"end":{"line":15,"column":5}},"1":{"start":{"line":19,"column":12},"end":{"line":19,"column":77}},"2":{"start":{"line":20,"column":19},"end":{"line":20,"column":35}},"3":{"start":{"line":21,"column":2},"end":{"line":21,"column":67}},"4":{"start":{"line":21,"column":35},"end":{"line":21,"column":64}}},"fnMap":{"0":{"name":"sendNotification","decl":{"start":{"line":6,"column":22},"end":{"line":6,"column":38}},"loc":{"start":{"line":6,"column":74},"end":{"line":16,"column":1}},"line":6},"1":{"name":"getUserNotifications","decl":{"start":{"line":18,"column":22},"end":{"line":18,"column":42}},"loc":{"start":{"line":18,"column":51},"end":{"line":22,"column":1}},"line":18},"2":{"name":"(anonymous_2)","decl":{"start":{"line":21,"column":27},"end":{"line":21,"column":28}},"loc":{"start":{"line":21,"column":35},"end":{"line":21,"column":64}},"line":21}},"branchMap":{"0":{"loc":{"start":{"line":11,"column":10},"end":{"line":11,"column":20}},"type":"binary-expr","locations":[{"start":{"line":11,"column":10},"end":{"line":11,"column":14}},{"start":{"line":11,"column":18},"end":{"line":11,"column":20}}],"line":11},"1":{"loc":{"start":{"line":12,"column":10},"end":{"line":12,"column":20}},"type":"binary-expr","locations":[{"start":{"line":12,"column":10},"end":{"line":12,"column":14}},{"start":{"line":12,"column":18},"end":{"line":12,"column":20}}],"line":12}},"s":{"0":0,"1":0,"2":0,"3":0,"4":0},"f":{"0":0,"1":0,"2":0},"b":{"0":[0,0],"1":[0,0]}}
,"D:\\Cons-IMS\\frontend-clean\\src\\services\\scheduledTasksService.js": {"path":"D:\\Cons-IMS\\frontend-clean\\src\\services\\scheduledTasksService.js","statementMap":{"0":{"start":{"line":5,"column":17},"end":{"line":5,"column":49}},"1":{"start":{"line":7,"column":24},"end":{"line":10,"column":1}},"2":{"start":{"line":8,"column":19},"end":{"line":8,"column":42}},"3":{"start":{"line":9,"column":2},"end":{"line":9,"column":79}},"4":{"start":{"line":9,"column":39},"end":{"line":9,"column":76}},"5":{"start":{"line":12,"column":23},"end":{"line":15,"column":1}},"6":{"start":{"line":13,"column":17},"end":{"line":13,"column":45}},"7":{"start":{"line":14,"column":2},"end":{"line":14,"column":36}},"8":{"start":{"line":17,"column":26},"end":{"line":20,"column":1}},"9":{"start":{"line":18,"column":2},"end":{"line":18,"column":43}},"10":{"start":{"line":19,"column":2},"end":{"line":19,"column":25}},"11":{"start":{"line":22,"column":26},"end":{"line":25,"column":1}},"12":{"start":{"line":23,"column":2},"end":{"line":23,"column":37}},"13":{"start":{"line":24,"column":2},"end":{"line":24,"column":16}}},"fnMap":{"0":{"name":"(anonymous_0)","decl":{"start":{"line":7,"column":24},"end":{"line":7,"column":25}},"loc":{"start":{"line":7,"column":36},"end":{"line":10,"column":1}},"line":7},"1":{"name":"(anonymous_1)","decl":{"start":{"line":9,"column":27},"end":{"line":9,"column":28}},"loc":{"start":{"line":9,"column":39},"end":{"line":9,"column":76}},"line":9},"2":{"name":"(anonymous_2)","decl":{"start":{"line":12,"column":23},"end":{"line":12,"column":24}},"loc":{"start":{"line":12,"column":39},"end":{"line":15,"column":1}},"line":12},"3":{"name":"(anonymous_3)","decl":{"start":{"line":17,"column":26},"end":{"line":17,"column":27}},"loc":{"start":{"line":17,"column":46},"end":{"line":20,"column":1}},"line":17},"4":{"name":"(anonymous_4)","decl":{"start":{"line":22,"column":26},"end":{"line":22,"column":27}},"loc":{"start":{"line":22,"column":40},"end":{"line":25,"column":1}},"line":22}},"branchMap":{},"s":{"0":0,"1":0,"2":0,"3":0,"4":0,"5":0,"6":0,"7":0,"8":0,"9":0,"10":0,"11":0,"12":0,"13":0},"f":{"0":0,"1":0,"2":0,"3":0,"4":0},"b":{}}
,"D:\\Cons-IMS\\frontend-clean\\src\\services\\supportHelpdeskService.js": {"path":"D:\\Cons-IMS\\frontend-clean\\src\\services\\supportHelpdeskService.js","statementMap":{"0":{"start":{"line":5,"column":19},"end":{"line":5,"column":51}},"1":{"start":{"line":7,"column":26},"end":{"line":10,"column":1}},"2":{"start":{"line":8,"column":19},"end":{"line":8,"column":44}},"3":{"start":{"line":9,"column":2},"end":{"line":9,"column":79}},"4":{"start":{"line":9,"column":39},"end":{"line":9,"column":76}},"5":{"start":{"line":12,"column":25},"end":{"line":15,"column":1}},"6":{"start":{"line":13,"column":17},"end":{"line":13,"column":47}},"7":{"start":{"line":14,"column":2},"end":{"line":14,"column":36}},"8":{"start":{"line":17,"column":28},"end":{"line":20,"column":1}},"9":{"start":{"line":18,"column":2},"end":{"line":18,"column":45}},"10":{"start":{"line":19,"column":2},"end":{"line":19,"column":25}},"11":{"start":{"line":22,"column":28},"end":{"line":25,"column":1}},"12":{"start":{"line":23,"column":2},"end":{"line":23,"column":39}},"13":{"start":{"line":24,"column":2},"end":{"line":24,"column":16}}},"fnMap":{"0":{"name":"(anonymous_0)","decl":{"start":{"line":7,"column":26},"end":{"line":7,"column":27}},"loc":{"start":{"line":7,"column":38},"end":{"line":10,"column":1}},"line":7},"1":{"name":"(anonymous_1)","decl":{"start":{"line":9,"column":27},"end":{"line":9,"column":28}},"loc":{"start":{"line":9,"column":39},"end":{"line":9,"column":76}},"line":9},"2":{"name":"(anonymous_2)","decl":{"start":{"line":12,"column":25},"end":{"line":12,"column":26}},"loc":{"start":{"line":12,"column":41},"end":{"line":15,"column":1}},"line":12},"3":{"name":"(anonymous_3)","decl":{"start":{"line":17,"column":28},"end":{"line":17,"column":29}},"loc":{"start":{"line":17,"column":48},"end":{"line":20,"column":1}},"line":17},"4":{"name":"(anonymous_4)","decl":{"start":{"line":22,"column":28},"end":{"line":22,"column":29}},"loc":{"start":{"line":22,"column":42},"end":{"line":25,"column":1}},"line":22}},"branchMap":{},"s":{"0":0,"1":0,"2":0,"3":0,"4":0,"5":0,"6":0,"7":0,"8":0,"9":0,"10":0,"11":0,"12":0,"13":0},"f":{"0":0,"1":0,"2":0,"3":0,"4":0},"b":{}}
,"D:\\Cons-IMS\\frontend-clean\\src\\services\\userApprovalService.js": {"path":"D:\\Cons-IMS\\frontend-clean\\src\\services\\userApprovalService.js","statementMap":{"0":{"start":{"line":7,"column":13},"end":{"line":7,"column":52}},"1":{"start":{"line":8,"column":2},"end":{"line":8,"column":56}},"2":{"start":{"line":12,"column":13},"end":{"line":12,"column":49}},"3":{"start":{"line":13,"column":2},"end":{"line":13,"column":48}},"4":{"start":{"line":17,"column":13},"end":{"line":17,"column":53}},"5":{"start":{"line":18,"column":2},"end":{"line":18,"column":43}}},"fnMap":{"0":{"name":"approveUser","decl":{"start":{"line":6,"column":22},"end":{"line":6,"column":33}},"loc":{"start":{"line":6,"column":72},"end":{"line":9,"column":1}},"line":6},"1":{"name":"denyUser","decl":{"start":{"line":11,"column":22},"end":{"line":11,"column":30}},"loc":{"start":{"line":11,"column":61},"end":{"line":14,"column":1}},"line":11},"2":{"name":"escalateUser","decl":{"start":{"line":16,"column":22},"end":{"line":16,"column":34}},"loc":{"start":{"line":16,"column":60},"end":{"line":19,"column":1}},"line":16}},"branchMap":{},"s":{"0":0,"1":0,"2":0,"3":0,"4":0,"5":0},"f":{"0":0,"1":0,"2":0},"b":{}}
,"D:\\Cons-IMS\\frontend-clean\\src\\services\\userRoleService.js": {"path":"D:\\Cons-IMS\\frontend-clean\\src\\services\\userRoleService.js","statementMap":{"0":{"start":{"line":11,"column":2},"end":{"line":11,"column":24}},"1":{"start":{"line":11,"column":12},"end":{"line":11,"column":24}},"2":{"start":{"line":12,"column":2},"end":{"line":25,"column":3}},"3":{"start":{"line":13,"column":20},"end":{"line":13,"column":55}},"4":{"start":{"line":14,"column":4},"end":{"line":20,"column":5}},"5":{"start":{"line":15,"column":19},"end":{"line":15,"column":33}},"6":{"start":{"line":16,"column":6},"end":{"line":16,"column":105}},"7":{"start":{"line":17,"column":6},"end":{"line":17,"column":31}},"8":{"start":{"line":19,"column":6},"end":{"line":19,"column":72}},"9":{"start":{"line":21,"column":4},"end":{"line":21,"column":16}},"10":{"start":{"line":23,"column":4},"end":{"line":23,"column":76}},"11":{"start":{"line":24,"column":4},"end":{"line":24,"column":16}},"12":{"start":{"line":35,"column":15},"end":{"line":35,"column":39}},"13":{"start":{"line":36,"column":2},"end":{"line":36,"column":37}}},"fnMap":{"0":{"name":"fetchUserRole","decl":{"start":{"line":10,"column":22},"end":{"line":10,"column":35}},"loc":{"start":{"line":10,"column":41},"end":{"line":26,"column":1}},"line":10},"1":{"name":"hasRole","decl":{"start":{"line":34,"column":22},"end":{"line":34,"column":29}},"loc":{"start":{"line":34,"column":54},"end":{"line":37,"column":1}},"line":34}},"branchMap":{"0":{"loc":{"start":{"line":11,"column":2},"end":{"line":11,"column":24}},"type":"if","locations":[{"start":{"line":11,"column":2},"end":{"line":11,"column":24}},{"start":{},"end":{}}],"line":11},"1":{"loc":{"start":{"line":14,"column":4},"end":{"line":20,"column":5}},"type":"if","locations":[{"start":{"line":14,"column":4},"end":{"line":20,"column":5}},{"start":{"line":18,"column":11},"end":{"line":20,"column":5}}],"line":14},"2":{"loc":{"start":{"line":17,"column":13},"end":{"line":17,"column":30}},"type":"binary-expr","locations":[{"start":{"line":17,"column":13},"end":{"line":17,"column":22}},{"start":{"line":17,"column":26},"end":{"line":17,"column":30}}],"line":17},"3":{"loc":{"start":{"line":34,"column":35},"end":{"line":34,"column":52}},"type":"default-arg","locations":[{"start":{"line":34,"column":50},"end":{"line":34,"column":52}}],"line":34}},"s":{"0":0,"1":0,"2":0,"3":0,"4":0,"5":0,"6":0,"7":0,"8":0,"9":0,"10":0,"11":0,"12":0,"13":0},"f":{"0":0,"1":0},"b":{"0":[0,0],"1":[0,0],"2":[0,0],"3":[0]},"_coverageSchema":"1a1c01bbd47fc00a2c39e90264f33305004495a9","hash":"9d772bfaab1080ee4cbbf4aa6ad01f6f33b1debd"}
}
